TN:
SF:static/js/editor.js
FN:2,parseInline
FN:23,(anonymous_1)
FN:43,setupScrollSync
FN:48,(anonymous_3)
FN:59,(anonymous_4)
FN:70,replaceMarkdownLinks
FN:104,isSafePreviewUrl
FN:118,insertFormatting
FN:150,(anonymous_8)
FN:155,updateCounts
FN:159,(anonymous_10)
FN:177,(anonymous_11)
FN:216,(anonymous_12)
FN:226,(anonymous_13)
FN:234,(anonymous_14)
FN:235,(anonymous_15)
FN:245,(anonymous_16)
FN:264,(anonymous_17)
FN:276,copyTextToClipboard
FN:305,applyPostRenderFeatures
FN:309,(anonymous_20)
FN:339,_escapeCssIdentifier
FN:351,initDeepLinkScroll
FN:363,(anonymous_23)
FN:375,_slugifyHeading
FN:386,_handleHeading
FN:400,_handleBlockquote
FN:411,_handleList
FN:431,_handleTable
FN:443,(anonymous_29)
FN:443,(anonymous_30)
FN:446,(anonymous_31)
FN:450,(anonymous_32)
FN:460,_closeOpenBlocks
FN:466,processBlockElement
FN:467,(anonymous_35)
FN:487,_parseYamlFrontmatter
FN:501,(anonymous_37)
FN:536,_restoreSafeHtml
FN:540,(anonymous_39)
FN:557,_processLine
FN:585,escapeHtml
FN:600,compileMarkdown
FN:630,(anonymous_43)
FNF:44
FNH:27
FNDA:24,parseInline
FNDA:1,(anonymous_1)
FNDA:2,setupScrollSync
FNDA:2,(anonymous_3)
FNDA:0,(anonymous_4)
FNDA:27,replaceMarkdownLinks
FNDA:11,isSafePreviewUrl
FNDA:3,insertFormatting
FNDA:0,(anonymous_8)
FNDA:0,updateCounts
FNDA:0,(anonymous_10)
FNDA:0,(anonymous_11)
FNDA:0,(anonymous_12)
FNDA:0,(anonymous_13)
FNDA:0,(anonymous_14)
FNDA:0,(anonymous_15)
FNDA:0,(anonymous_16)
FNDA:0,(anonymous_17)
FNDA:2,copyTextToClipboard
FNDA:2,applyPostRenderFeatures
FNDA:2,(anonymous_20)
FNDA:3,_escapeCssIdentifier
FNDA:4,initDeepLinkScroll
FNDA:0,(anonymous_23)
FNDA:11,_slugifyHeading
FNDA:13,_handleHeading
FNDA:11,_handleBlockquote
FNDA:11,_handleList
FNDA:7,_handleTable
FNDA:0,(anonymous_29)
FNDA:0,(anonymous_30)
FNDA:0,(anonymous_31)
FNDA:0,(anonymous_32)
FNDA:12,_closeOpenBlocks
FNDA:13,processBlockElement
FNDA:15,(anonymous_35)
FNDA:12,_parseYamlFrontmatter
FNDA:0,(anonymous_37)
FNDA:12,_restoreSafeHtml
FNDA:7,(anonymous_39)
FNDA:16,_processLine
FNDA:23,escapeHtml
FNDA:14,compileMarkdown
FNDA:2,(anonymous_43)
DA:3,24
DA:6,24
DA:9,24
DA:12,24
DA:15,24
DA:16,24
DA:19,24
DA:20,24
DA:23,24
DA:24,1
DA:25,1
DA:26,0
DA:28,1
DA:32,24
DA:34,24
DA:44,2
DA:45,2
DA:46,2
DA:48,2
DA:49,2
DA:50,2
DA:51,0
DA:52,0
DA:54,2
DA:55,2
DA:56,2
DA:59,2
DA:60,0
DA:61,0
DA:62,0
DA:63,0
DA:65,0
DA:66,0
DA:67,0
DA:71,27
DA:72,27
DA:74,27
DA:75,29
DA:76,29
DA:78,5
DA:79,5
DA:80,29
DA:82,5
DA:83,5
DA:84,5
DA:85,3
DA:86,3
DA:87,3
DA:90,2
DA:91,2
DA:92,2
DA:93,2
DA:96,3
DA:105,11
DA:106,3
DA:108,8
DA:109,8
DA:110,11
DA:111,11
DA:113,0
DA:119,3
DA:120,3
DA:121,3
DA:122,3
DA:123,3
DA:125,3
DA:141,3
DA:142,3
DA:143,3
DA:144,3
DA:145,3
DA:146,3
DA:150,1
DA:152,0
DA:153,0
DA:156,0
DA:157,0
DA:158,0
DA:159,0
DA:160,0
DA:161,0
DA:162,0
DA:163,0
DA:168,0
DA:169,0
DA:170,0
DA:171,0
DA:172,0
DA:174,0
DA:177,0
DA:178,0
DA:179,0
DA:180,0
DA:181,0
DA:182,0
DA:184,0
DA:185,0
DA:186,0
DA:187,0
DA:188,0
DA:189,0
DA:190,0
DA:191,0
DA:192,0
DA:193,0
DA:197,0
DA:198,0
DA:200,0
DA:201,0
DA:202,0
DA:203,0
DA:204,0
DA:205,0
DA:206,0
DA:207,0
DA:208,0
DA:209,0
DA:210,0
DA:216,0
DA:217,0
DA:218,0
DA:219,0
DA:223,0
DA:226,0
DA:227,0
DA:232,0
DA:233,0
DA:234,0
DA:235,0
DA:236,0
DA:237,0
DA:243,0
DA:244,0
DA:245,0
DA:246,0
DA:247,0
DA:248,0
DA:249,0
DA:250,0
DA:251,0
DA:253,0
DA:256,0
DA:257,0
DA:262,0
DA:263,0
DA:264,0
DA:265,0
DA:266,0
DA:267,0
DA:269,0
DA:270,0
DA:277,2
DA:278,1
DA:280,1
DA:281,1
DA:282,1
DA:283,1
DA:284,1
DA:285,1
DA:286,1
DA:287,1
DA:288,1
DA:289,1
DA:291,1
DA:292,1
DA:293,0
DA:296,1
DA:306,2
DA:307,2
DA:309,2
DA:310,2
DA:311,2
DA:312,2
DA:313,2
DA:314,1
DA:315,1
DA:316,1
DA:317,1
DA:318,1
DA:322,2
DA:323,1
DA:324,1
DA:326,1
DA:327,1
DA:332,2
DA:333,0
DA:336,2
DA:340,3
DA:341,0
DA:343,3
DA:352,4
DA:353,1
DA:354,1
DA:356,1
DA:357,1
DA:358,1
DA:359,1
DA:362,4
DA:363,1
DA:364,0
DA:365,0
DA:366,0
DA:367,0
DA:376,11
DA:377,8
DA:381,8
DA:382,8
DA:383,8
DA:387,13
DA:388,13
DA:390,2
DA:391,2
DA:392,2
DA:393,2
DA:394,2
DA:395,13
DA:396,13
DA:397,13
DA:401,11
DA:402,0
DA:403,0
DA:404,0
DA:405,11
DA:406,0
DA:408,11
DA:412,11
DA:413,11
DA:415,11
DA:416,4
DA:417,4
DA:418,4
DA:419,2
DA:420,0
DA:421,0
DA:423,4
DA:424,4
DA:425,7
DA:426,0
DA:428,7
DA:432,7
DA:433,0
DA:434,0
DA:435,0
DA:436,0
DA:438,0
DA:439,0
DA:440,0
DA:441,0
DA:443,0
DA:444,0
DA:445,0
DA:446,0
DA:447,0
DA:449,0
DA:450,0
DA:451,0
DA:453,0
DA:454,7
DA:455,0
DA:457,7
DA:461,12
DA:462,12
DA:463,12
DA:467,15
DA:469,13
DA:470,0
DA:471,0
DA:474,13
DA:475,0
DA:476,0
DA:479,13
DA:480,11
DA:481,11
DA:482,7
DA:484,7
DA:488,12
DA:489,12
DA:491,12
DA:492,0
DA:493,0
DA:494,0
DA:495,0
DA:496,0
DA:497,0
DA:499,0
DA:500,0
DA:501,0
DA:502,0
DA:503,0
DA:504,0
DA:505,0
DA:506,0
DA:507,0
DA:515,0
DA:516,0
DA:526,12
DA:529,1
DA:534,1
DA:537,12
DA:541,7
DA:542,2
DA:543,2
DA:544,1
DA:545,1
DA:547,1
DA:548,1
DA:549,0
DA:553,2
DA:558,16
DA:559,2
DA:560,1
DA:561,1
DA:563,1
DA:564,1
DA:565,2
DA:566,2
DA:567,2
DA:569,14
DA:570,1
DA:573,13
DA:574,13
DA:575,13
DA:586,23
DA:587,0
DA:594,23
DA:595,23
DA:596,23
DA:597,23
DA:601,14
DA:603,12
DA:605,12
DA:606,12
DA:607,12
DA:609,12
DA:619,12
DA:621,12
DA:622,16
DA:625,12
DA:626,0
DA:627,0
DA:629,12
DA:630,12
DA:631,12
DA:633,12
DA:636,1
DA:637,1
LF:346
LH:200
BRDA:24,0,0,1
BRDA:24,0,1,0
BRDA:25,1,0,0
BRDA:25,1,1,1
BRDA:25,2,0,1
BRDA:25,2,1,1
BRDA:49,3,0,0
BRDA:49,3,1,2
BRDA:49,4,0,2
BRDA:49,4,1,2
BRDA:50,5,0,0
BRDA:50,5,1,2
BRDA:60,6,0,0
BRDA:60,6,1,0
BRDA:60,7,0,0
BRDA:60,7,1,0
BRDA:61,8,0,0
BRDA:61,8,1,0
BRDA:76,9,0,24
BRDA:76,9,1,5
BRDA:79,10,0,0
BRDA:79,10,1,5
BRDA:80,11,0,0
BRDA:80,11,1,29
BRDA:80,12,0,29
BRDA:80,12,1,5
BRDA:84,13,0,3
BRDA:84,13,1,2
BRDA:84,14,0,5
BRDA:84,14,1,5
BRDA:84,14,2,5
BRDA:84,14,3,2
BRDA:105,15,0,3
BRDA:105,15,1,8
BRDA:105,16,0,11
BRDA:105,16,1,9
BRDA:109,17,0,8
BRDA:109,17,1,0
BRDA:111,18,0,11
BRDA:111,18,1,4
BRDA:120,19,0,0
BRDA:120,19,1,3
BRDA:141,20,0,3
BRDA:141,20,1,0
BRDA:143,21,0,1
BRDA:143,21,1,2
BRDA:156,22,0,0
BRDA:156,22,1,0
BRDA:157,23,0,0
BRDA:157,23,1,0
BRDA:162,24,0,0
BRDA:162,24,1,0
BRDA:163,25,0,0
BRDA:163,25,1,0
BRDA:163,26,0,0
BRDA:163,26,1,0
BRDA:168,27,0,0
BRDA:168,27,1,0
BRDA:168,28,0,0
BRDA:168,28,1,0
BRDA:170,29,0,0
BRDA:170,29,1,0
BRDA:178,30,0,0
BRDA:178,30,1,0
BRDA:182,31,0,0
BRDA:182,31,1,0
BRDA:185,32,0,0
BRDA:185,32,1,0
BRDA:188,33,0,0
BRDA:188,33,1,0
BRDA:191,34,0,0
BRDA:191,34,1,0
BRDA:200,35,0,0
BRDA:200,35,1,0
BRDA:200,36,0,0
BRDA:200,36,1,0
BRDA:200,36,2,0
BRDA:202,37,0,0
BRDA:202,37,1,0
BRDA:205,38,0,0
BRDA:205,38,1,0
BRDA:208,39,0,0
BRDA:208,39,1,0
BRDA:233,40,0,0
BRDA:233,40,1,0
BRDA:233,41,0,0
BRDA:233,41,1,0
BRDA:233,41,2,0
BRDA:244,42,0,0
BRDA:244,42,1,0
BRDA:248,43,0,0
BRDA:248,43,1,0
BRDA:263,44,0,0
BRDA:263,44,1,0
BRDA:263,45,0,0
BRDA:263,45,1,0
BRDA:277,46,0,1
BRDA:277,46,1,1
BRDA:277,47,0,2
BRDA:277,47,1,1
BRDA:292,48,0,0
BRDA:292,48,1,1
BRDA:310,49,0,2
BRDA:310,49,1,0
BRDA:313,50,0,1
BRDA:313,50,1,1
BRDA:316,51,0,1
BRDA:316,51,1,0
BRDA:322,52,0,1
BRDA:322,52,1,1
BRDA:332,53,0,0
BRDA:332,53,1,2
BRDA:332,54,0,2
BRDA:332,54,1,0
BRDA:340,55,0,0
BRDA:340,55,1,3
BRDA:352,56,0,3
BRDA:352,56,1,1
BRDA:354,57,0,0
BRDA:354,57,1,1
BRDA:359,58,0,1
BRDA:359,58,1,0
BRDA:362,59,0,1
BRDA:362,59,1,3
BRDA:376,60,0,3
BRDA:376,60,1,8
BRDA:376,61,0,11
BRDA:376,61,1,8
BRDA:388,62,0,11
BRDA:388,62,1,2
BRDA:390,63,0,0
BRDA:390,63,1,2
BRDA:394,64,0,0
BRDA:394,64,1,2
BRDA:395,65,0,2
BRDA:395,65,1,0
BRDA:401,66,0,0
BRDA:401,66,1,11
BRDA:402,67,0,0
BRDA:402,67,1,0
BRDA:405,68,0,0
BRDA:405,68,1,11
BRDA:415,69,0,4
BRDA:415,69,1,7
BRDA:415,70,0,11
BRDA:415,70,1,9
BRDA:416,71,0,2
BRDA:416,71,1,2
BRDA:417,72,0,2
BRDA:417,72,1,2
BRDA:418,73,0,2
BRDA:418,73,1,2
BRDA:419,74,0,0
BRDA:419,74,1,2
BRDA:419,75,0,2
BRDA:419,75,1,2
BRDA:425,76,0,0
BRDA:425,76,1,7
BRDA:425,77,0,7
BRDA:425,77,1,0
BRDA:432,78,0,0
BRDA:432,78,1,7
BRDA:432,79,0,7
BRDA:432,79,1,0
BRDA:433,80,0,0
BRDA:433,80,1,0
BRDA:439,81,0,0
BRDA:439,81,1,0
BRDA:440,82,0,0
BRDA:440,82,1,0
BRDA:443,83,0,0
BRDA:443,83,1,0
BRDA:443,84,0,0
BRDA:443,84,1,0
BRDA:443,85,0,0
BRDA:443,85,1,0
BRDA:444,86,0,0
BRDA:444,86,1,0
BRDA:454,87,0,0
BRDA:454,87,1,7
BRDA:461,88,0,2
BRDA:461,88,1,10
BRDA:462,89,0,0
BRDA:462,89,1,12
BRDA:463,90,0,0
BRDA:463,90,1,12
BRDA:469,91,0,0
BRDA:469,91,1,13
BRDA:474,92,0,0
BRDA:474,92,1,13
BRDA:479,93,0,2
BRDA:479,93,1,11
BRDA:480,94,0,0
BRDA:480,94,1,11
BRDA:481,95,0,4
BRDA:481,95,1,7
BRDA:482,96,0,0
BRDA:482,96,1,7
BRDA:491,97,0,0
BRDA:491,97,1,12
BRDA:491,98,0,12
BRDA:491,98,1,12
BRDA:492,99,0,0
BRDA:492,99,1,0
BRDA:495,100,0,0
BRDA:495,100,1,0
BRDA:503,101,0,0
BRDA:503,101,1,0
BRDA:506,102,0,0
BRDA:506,102,1,0
BRDA:506,103,0,0
BRDA:506,103,1,0
BRDA:515,104,0,0
BRDA:515,104,1,0
BRDA:541,105,0,5
BRDA:541,105,1,2
BRDA:543,106,0,1
BRDA:543,106,1,1
BRDA:548,107,0,0
BRDA:548,107,1,1
BRDA:553,108,0,2
BRDA:553,108,1,1
BRDA:558,109,0,2
BRDA:558,109,1,14
BRDA:559,110,0,1
BRDA:559,110,1,1
BRDA:564,111,0,1
BRDA:564,111,1,0
BRDA:565,112,0,1
BRDA:565,112,1,0
BRDA:569,113,0,1
BRDA:569,113,1,13
BRDA:586,114,0,0
BRDA:586,114,1,23
BRDA:601,115,0,2
BRDA:601,115,1,12
BRDA:625,116,0,0
BRDA:625,116,1,12
BRDA:636,117,0,1
BRDA:636,117,1,0
BRDA:636,118,0,1
BRDA:636,118,1,1
BRF:242
BRH:117
end_of_record
TN:
SF:static/js/main.js
FN:6,(anonymous_0)
FN:69,filterUploadFiles
FN:87,executeRagFetch
FN:103,executeRagStream
FN:121,(anonymous_4)
FN:122,(anonymous_5)
FN:142,initializeAuditSearch
FN:157,(anonymous_7)
FN:168,(anonymous_8)
FN:169,(anonymous_9)
FN:171,(anonymous_10)
FN:179,(anonymous_11)
FN:188,createPasswordFeedbackElement
FN:214,updatePasswordMatchStatus
FN:231,bindPasswordMatchEvents
FN:237,(anonymous_15)
FN:246,initializePasswordMatchFeedback
FN:258,initializeAlerts
FN:262,(anonymous_18)
FN:263,(anonymous_19)
FN:268,(anonymous_20)
FN:269,(anonymous_21)
FN:270,(anonymous_22)
FN:277,(anonymous_23)
FN:293,initializeSearchShortcuts
FN:313,(anonymous_25)
FN:316,(anonymous_26)
FN:320,updateUIState
FN:338,(anonymous_28)
FN:344,(anonymous_29)
FN:345,(anonymous_30)
FN:352,(anonymous_31)
FN:358,(anonymous_32)
FN:374,(anonymous_33)
FN:385,initializePasswordToggles
FN:390,(anonymous_35)
FN:411,(anonymous_36)
FN:426,initializeCapsLockDetector
FN:427,(anonymous_38)
FN:447,(anonymous_39)
FN:458,(anonymous_40)
FN:468,setFormSubmitLoadingState
FN:508,initializeFormSubmitSpinners
FN:513,(anonymous_43)
FN:514,(anonymous_44)
FN:520,(anonymous_45)
FN:522,(anonymous_46)
FN:539,showClientSideAlert
FN:566,(anonymous_48)
FN:570,(anonymous_49)
FN:571,(anonymous_50)
FN:572,(anonymous_51)
FN:579,dismissCard
FN:584,(anonymous_53)
FN:594,handler
FN:608,initializeSettingsModal
FN:619,(anonymous_56)
FN:625,(anonymous_57)
FN:632,(anonymous_58)
FN:637,(anonymous_59)
FN:642,(anonymous_60)
FN:656,(anonymous_61)
FN:677,(anonymous_62)
FN:691,(anonymous_63)
FN:699,cancelResetConfirmation
FN:709,initializeDragAndDrop
FN:716,validateFilesAndSubmit
FN:748,(anonymous_67)
FN:749,(anonymous_68)
FN:756,(anonymous_69)
FN:765,(anonymous_70)
FN:777,(anonymous_71)
FN:778,(anonymous_72)
FN:784,(anonymous_73)
FN:785,(anonymous_74)
FN:791,(anonymous_75)
FN:804,initializeExportActions
FN:813,(anonymous_77)
FN:819,(anonymous_78)
FN:823,(anonymous_79)
FN:829,(anonymous_80)
FN:846,(anonymous_81)
FN:871,(anonymous_82)
FN:903,(anonymous_83)
FN:922,toggleExportFooter
FN:938,selectAllCheckbox
FN:940,(anonymous_86)
FN:954,initializeLibraryFilter
FN:972,updateUIState_2
FN:984,(anonymous_89)
FN:989,(anonymous_90)
FN:997,(anonymous_91)
FN:1014,applyLibraryFilter
FN:1021,(anonymous_93)
FN:1058,(anonymous_94)
FN:1083,initializeRAGSearch
FN:1094,(anonymous_96)
FN:1101,(anonymous_97)
FN:1108,renderRagSources
FN:1116,(anonymous_99)
FN:1140,getSelectedDocIds
FN:1142,(anonymous_101)
FN:1145,buildRagUrl
FN:1154,_setRagSearchBusy
FN:1165,_renderFallbackRagAnswer
FN:1170,runSemanticRAG
FN:1188,(anonymous_106)
FN:1211,(anonymous_107)
FN:1227,initializeTokensChart
FN:1254,label
FN:1267,formatCompact
FN:1282,_checkNeedsPolling
FN:1302,initializeStatusPoller
FN:1307,(anonymous_113)
FN:1310,(anonymous_114)
FN:1314,(anonymous_115)
FN:1323,runPoller
FN:1332,(anonymous_117)
FN:1362,initializeSupabaseRealtime
FN:1384,(anonymous_119)
FN:1389,(anonymous_120)
FN:1393,(anonymous_121)
FN:1400,(anonymous_122)
FN:1415,_updateTokenMetricCard
FN:1433,updateDashboardStats
FN:1468,_findTableRowForDoc
FN:1480,updateDocumentsTable
FN:1486,(anonymous_127)
FN:1525,(anonymous_128)
FN:1527,(anonymous_129)
FN:1531,(anonymous_130)
FN:1547,_updateDetailMetaFields
FN:1568,updateDocumentDetailScreen
FN:1576,(anonymous_133)
FN:1615,_renderTimelineStepNode
FN:1626,(anonymous_135)
FN:1630,updateTimelineStep
FN:1645,getStatusBadgeHTML
FN:1666,_setButtonLoading
FN:1680,_removeDeletedRow
FN:1688,(anonymous_140)
FN:1698,_postDocumentAction
FN:1700,(anonymous_142)
FN:1717,_processDocumentActionResponse
FN:1718,(anonymous_144)
FN:1737,_handleDocumentStateAction
FN:1746,(anonymous_146)
FN:1773,(anonymous_147)
FN:1775,(anonymous_148)
FN:1786,initializeRetryActions
FN:1798,initializeCancelActions
FN:1810,initializeDeleteActions
FN:1825,initializeLocalTimezones
FN:1827,(anonymous_153)
FN:1854,trapFocus
FNF:155
FNH:123
FNDA:0,(anonymous_0)
FNDA:1,filterUploadFiles
FNDA:1,executeRagFetch
FNDA:2,executeRagStream
FNDA:3,(anonymous_4)
FNDA:3,(anonymous_5)
FNDA:1,initializeAuditSearch
FNDA:3,(anonymous_7)
FNDA:1,(anonymous_8)
FNDA:0,(anonymous_9)
FNDA:3,(anonymous_10)
FNDA:1,(anonymous_11)
FNDA:1,createPasswordFeedbackElement
FNDA:2,updatePasswordMatchStatus
FNDA:3,bindPasswordMatchEvents
FNDA:2,(anonymous_15)
FNDA:1,initializePasswordMatchFeedback
FNDA:1,initializeAlerts
FNDA:1,(anonymous_18)
FNDA:0,(anonymous_19)
FNDA:0,(anonymous_20)
FNDA:0,(anonymous_21)
FNDA:0,(anonymous_22)
FNDA:1,(anonymous_23)
FNDA:1,initializeSearchShortcuts
FNDA:0,(anonymous_25)
FNDA:0,(anonymous_26)
FNDA:2,updateUIState
FNDA:1,(anonymous_28)
FNDA:0,(anonymous_29)
FNDA:0,(anonymous_30)
FNDA:1,(anonymous_31)
FNDA:1,(anonymous_32)
FNDA:0,(anonymous_33)
FNDA:1,initializePasswordToggles
FNDA:1,(anonymous_35)
FNDA:2,(anonymous_36)
FNDA:1,initializeCapsLockDetector
FNDA:1,(anonymous_38)
FNDA:1,(anonymous_39)
FNDA:1,(anonymous_40)
FNDA:2,setFormSubmitLoadingState
FNDA:1,initializeFormSubmitSpinners
FNDA:1,(anonymous_43)
FNDA:1,(anonymous_44)
FNDA:1,(anonymous_45)
FNDA:1,(anonymous_46)
FNDA:7,showClientSideAlert
FNDA:0,(anonymous_48)
FNDA:0,(anonymous_49)
FNDA:0,(anonymous_50)
FNDA:0,(anonymous_51)
FNDA:6,dismissCard
FNDA:3,(anonymous_53)
FNDA:1,handler
FNDA:4,initializeSettingsModal
FNDA:0,(anonymous_56)
FNDA:0,(anonymous_57)
FNDA:0,(anonymous_58)
FNDA:0,(anonymous_59)
FNDA:4,(anonymous_60)
FNDA:3,(anonymous_61)
FNDA:3,(anonymous_62)
FNDA:1,(anonymous_63)
FNDA:2,cancelResetConfirmation
FNDA:5,initializeDragAndDrop
FNDA:1,validateFilesAndSubmit
FNDA:1,(anonymous_67)
FNDA:4,(anonymous_68)
FNDA:1,(anonymous_69)
FNDA:5,(anonymous_70)
FNDA:10,(anonymous_71)
FNDA:0,(anonymous_72)
FNDA:10,(anonymous_73)
FNDA:0,(anonymous_74)
FNDA:0,(anonymous_75)
FNDA:3,initializeExportActions
FNDA:3,(anonymous_77)
FNDA:0,(anonymous_78)
FNDA:0,(anonymous_79)
FNDA:0,(anonymous_80)
FNDA:1,(anonymous_81)
FNDA:2,(anonymous_82)
FNDA:3,(anonymous_83)
FNDA:8,toggleExportFooter
FNDA:2,selectAllCheckbox
FNDA:6,(anonymous_86)
FNDA:1,initializeLibraryFilter
FNDA:3,updateUIState_2
FNDA:1,(anonymous_89)
FNDA:1,(anonymous_90)
FNDA:0,(anonymous_91)
FNDA:4,applyLibraryFilter
FNDA:8,(anonymous_93)
FNDA:0,(anonymous_94)
FNDA:3,initializeRAGSearch
FNDA:3,(anonymous_96)
FNDA:0,(anonymous_97)
FNDA:2,renderRagSources
FNDA:3,(anonymous_99)
FNDA:3,getSelectedDocIds
FNDA:3,(anonymous_101)
FNDA:3,buildRagUrl
FNDA:4,_setRagSearchBusy
FNDA:1,_renderFallbackRagAnswer
FNDA:3,runSemanticRAG
FNDA:3,(anonymous_106)
FNDA:3,(anonymous_107)
FNDA:1,initializeTokensChart
FNDA:1,label
FNDA:18,formatCompact
FNDA:2,_checkNeedsPolling
FNDA:5,initializeStatusPoller
FNDA:1,(anonymous_113)
FNDA:6,(anonymous_114)
FNDA:8,(anonymous_115)
FNDA:19,runPoller
FNDA:1,(anonymous_117)
FNDA:6,initializeSupabaseRealtime
FNDA:2,(anonymous_119)
FNDA:1,(anonymous_120)
FNDA:21,(anonymous_121)
FNDA:4,(anonymous_122)
FNDA:11,_updateTokenMetricCard
FNDA:10,updateDashboardStats
FNDA:103,_findTableRowForDoc
FNDA:14,updateDocumentsTable
FNDA:103,(anonymous_127)
FNDA:103,(anonymous_128)
FNDA:1,(anonymous_129)
FNDA:1,(anonymous_130)
FNDA:2,_updateDetailMetaFields
FNDA:10,updateDocumentDetailScreen
FNDA:1,(anonymous_133)
FNDA:6,_renderTimelineStepNode
FNDA:1,(anonymous_135)
FNDA:6,updateTimelineStep
FNDA:7,getStatusBadgeHTML
FNDA:3,_setButtonLoading
FNDA:1,_removeDeletedRow
FNDA:0,(anonymous_140)
FNDA:3,_postDocumentAction
FNDA:0,(anonymous_142)
FNDA:3,_processDocumentActionResponse
FNDA:0,(anonymous_144)
FNDA:4,_handleDocumentStateAction
FNDA:42,(anonymous_146)
FNDA:4,(anonymous_147)
FNDA:0,(anonymous_148)
FNDA:1,initializeRetryActions
FNDA:2,initializeCancelActions
FNDA:1,initializeDeleteActions
FNDA:3,initializeLocalTimezones
FNDA:9,(anonymous_153)
FNDA:2,trapFocus
DA:6,1
DA:8,0
DA:9,0
DA:13,0
DA:16,0
DA:19,0
DA:22,0
DA:25,0
DA:28,0
DA:31,0
DA:34,0
DA:35,0
DA:36,0
DA:39,0
DA:42,0
DA:45,0
DA:48,0
DA:51,0
DA:54,0
DA:57,0
DA:60,0
DA:63,1
DA:64,1
DA:70,1
DA:71,1
DA:72,3
DA:73,3
DA:74,3
DA:75,2
DA:76,2
DA:78,1
DA:79,0
DA:80,0
DA:82,1
DA:84,1
DA:88,1
DA:89,1
DA:90,1
DA:91,1
DA:95,1
DA:96,0
DA:98,1
DA:104,2
DA:105,2
DA:106,0
DA:107,0
DA:108,0
DA:112,0
DA:114,2
DA:115,1
DA:118,1
DA:119,1
DA:120,1
DA:121,1
DA:122,3
DA:123,3
DA:124,3
DA:125,3
DA:128,1
DA:129,4
DA:130,4
DA:131,4
DA:132,4
DA:133,4
DA:134,4
DA:136,1
DA:143,1
DA:144,1
DA:146,1
DA:147,1
DA:148,1
DA:149,1
DA:150,1
DA:151,1
DA:154,1
DA:155,1
DA:157,1
DA:158,3
DA:159,3
DA:160,3
DA:161,3
DA:162,3
DA:166,1
DA:167,1
DA:168,1
DA:169,1
DA:171,1
DA:172,3
DA:173,3
DA:174,2
DA:175,2
DA:176,2
DA:179,1
DA:180,1
DA:183,1
DA:189,1
DA:190,1
DA:191,1
DA:192,1
DA:193,1
DA:194,1
DA:195,1
DA:196,1
DA:197,1
DA:198,1
DA:199,1
DA:200,1
DA:201,1
DA:202,1
DA:203,1
DA:205,1
DA:206,1
DA:207,0
DA:209,1
DA:211,1
DA:215,2
DA:216,0
DA:217,0
DA:218,0
DA:220,2
DA:221,2
DA:222,2
DA:223,2
DA:224,2
DA:225,2
DA:232,3
DA:233,3
DA:234,3
DA:236,1
DA:237,2
DA:238,1
DA:239,1
DA:247,1
DA:252,1
DA:259,1
DA:260,1
DA:262,1
DA:263,1
DA:264,0
DA:268,1
DA:269,1
DA:270,0
DA:271,0
DA:277,1
DA:278,1
DA:279,1
DA:280,1
DA:281,1
DA:282,1
DA:283,1
DA:294,1
DA:295,1
DA:298,1
DA:299,1
DA:301,1
DA:302,1
DA:303,1
DA:304,1
DA:307,1
DA:308,1
DA:309,1
DA:310,1
DA:313,1
DA:314,0
DA:316,1
DA:317,0
DA:321,2
DA:322,2
DA:323,1
DA:324,1
DA:325,1
DA:326,1
DA:329,1
DA:330,1
DA:331,0
DA:332,0
DA:337,1
DA:338,1
DA:339,1
DA:340,1
DA:341,1
DA:344,1
DA:345,0
DA:346,0
DA:347,0
DA:352,1
DA:353,1
DA:354,1
DA:355,1
DA:358,1
DA:360,1
DA:361,1
DA:362,0
DA:366,1
DA:367,1
DA:368,1
DA:369,1
DA:374,1
DA:375,0
DA:376,0
DA:386,1
DA:390,1
DA:391,1
DA:392,1
DA:393,1
DA:394,1
DA:396,1
DA:397,1
DA:398,1
DA:399,1
DA:401,1
DA:402,1
DA:403,1
DA:404,1
DA:405,1
DA:406,1
DA:407,1
DA:408,1
DA:409,1
DA:411,1
DA:412,2
DA:413,2
DA:414,2
DA:415,2
DA:416,2
DA:417,2
DA:418,2
DA:427,1
DA:428,1
DA:429,1
DA:430,1
DA:431,1
DA:432,1
DA:433,1
DA:440,1
DA:441,1
DA:442,0
DA:444,1
DA:447,1
DA:448,1
DA:449,1
DA:451,0
DA:455,1
DA:456,1
DA:457,1
DA:458,1
DA:459,1
DA:469,2
DA:470,2
DA:472,2
DA:473,2
DA:474,2
DA:475,0
DA:476,0
DA:477,0
DA:478,0
DA:479,0
DA:480,0
DA:481,0
DA:482,0
DA:483,0
DA:484,0
DA:485,0
DA:486,0
DA:487,0
DA:488,0
DA:489,0
DA:490,0
DA:493,2
DA:494,2
DA:495,2
DA:497,2
DA:498,2
DA:499,2
DA:500,2
DA:501,2
DA:509,1
DA:513,1
DA:514,1
DA:515,1
DA:516,1
DA:520,1
DA:521,1
DA:522,1
DA:523,1
DA:524,1
DA:525,1
DA:526,1
DA:527,1
DA:528,1
DA:529,1
DA:530,1
DA:540,7
DA:541,7
DA:542,6
DA:543,6
DA:544,6
DA:546,7
DA:547,7
DA:548,7
DA:549,7
DA:550,7
DA:552,7
DA:553,7
DA:560,7
DA:561,7
DA:562,7
DA:563,0
DA:566,7
DA:567,0
DA:570,7
DA:571,7
DA:572,0
DA:573,0
DA:577,1
DA:580,6
DA:581,4
DA:583,4
DA:584,4
DA:585,3
DA:586,3
DA:587,3
DA:588,3
DA:589,3
DA:590,2
DA:594,4
DA:595,1
DA:596,1
DA:597,1
DA:602,4
DA:609,4
DA:610,4
DA:611,4
DA:613,4
DA:614,4
DA:615,4
DA:616,4
DA:618,4
DA:619,4
DA:620,0
DA:624,4
DA:625,4
DA:626,0
DA:630,4
DA:632,4
DA:633,0
DA:637,4
DA:638,0
DA:642,4
DA:643,4
DA:645,4
DA:648,4
DA:649,0
DA:655,4
DA:656,4
DA:657,3
DA:658,3
DA:659,3
DA:660,3
DA:661,3
DA:662,3
DA:663,3
DA:665,3
DA:666,3
DA:667,3
DA:672,4
DA:673,4
DA:676,4
DA:677,4
DA:678,3
DA:679,3
DA:680,3
DA:681,3
DA:682,1
DA:684,2
DA:690,4
DA:691,4
DA:692,1
DA:693,1
DA:700,2
DA:701,2
DA:702,2
DA:703,2
DA:710,5
DA:711,5
DA:712,5
DA:714,5
DA:717,1
DA:718,1
DA:719,0
DA:720,0
DA:723,1
DA:724,0
DA:725,0
DA:726,0
DA:728,0
DA:734,1
DA:735,1
DA:740,1
DA:741,1
DA:742,1
DA:743,1
DA:745,1
DA:748,5
DA:749,5
DA:750,4
DA:751,4
DA:752,4
DA:756,5
DA:757,1
DA:758,1
DA:763,5
DA:765,5
DA:766,5
DA:767,5
DA:768,5
DA:769,5
DA:770,5
DA:771,5
DA:772,5
DA:773,5
DA:777,5
DA:778,10
DA:779,0
DA:780,0
DA:784,5
DA:785,10
DA:786,0
DA:787,0
DA:791,5
DA:792,0
DA:793,0
DA:794,0
DA:795,0
DA:796,0
DA:805,3
DA:806,3
DA:807,3
DA:808,3
DA:809,3
DA:810,3
DA:812,3
DA:813,3
DA:814,3
DA:818,3
DA:819,0
DA:822,3
DA:823,0
DA:827,3
DA:828,3
DA:829,3
DA:830,0
DA:831,0
DA:832,0
DA:834,0
DA:835,0
DA:836,0
DA:838,0
DA:843,3
DA:845,3
DA:846,3
DA:847,1
DA:848,1
DA:849,1
DA:850,1
DA:851,1
DA:853,1
DA:854,1
DA:855,1
DA:856,1
DA:857,1
DA:858,1
DA:860,1
DA:861,1
DA:862,1
DA:863,1
DA:865,1
DA:870,3
DA:871,3
DA:872,2
DA:873,2
DA:874,2
DA:875,2
DA:876,2
DA:878,2
DA:879,2
DA:880,2
DA:881,2
DA:882,2
DA:883,2
DA:885,2
DA:886,2
DA:887,2
DA:888,1
DA:890,2
DA:900,3
DA:901,3
DA:903,3
DA:904,3
DA:905,3
DA:906,3
DA:907,3
DA:908,3
DA:909,3
DA:911,3
DA:912,3
DA:913,3
DA:914,3
DA:915,3
DA:917,3
DA:923,8
DA:924,8
DA:925,8
DA:926,8
DA:928,8
DA:929,8
DA:930,8
DA:931,5
DA:933,3
DA:939,2
DA:940,2
DA:941,6
DA:942,6
DA:944,1
DA:946,5
DA:948,2
DA:955,1
DA:956,1
DA:958,1
DA:961,1
DA:962,1
DA:963,1
DA:964,1
DA:965,1
DA:966,1
DA:968,1
DA:969,1
DA:973,3
DA:974,3
DA:975,3
DA:976,1
DA:977,1
DA:979,2
DA:980,2
DA:984,1
DA:985,1
DA:986,1
DA:989,1
DA:990,1
DA:991,1
DA:992,1
DA:993,1
DA:997,1
DA:998,0
DA:999,0
DA:1000,0
DA:1001,0
DA:1002,0
DA:1003,0
DA:1005,0
DA:1011,1
DA:1015,4
DA:1016,4
DA:1017,4
DA:1019,4
DA:1021,4
DA:1022,8
DA:1023,8
DA:1026,8
DA:1027,8
DA:1028,8
DA:1029,8
DA:1030,8
DA:1031,4
DA:1032,4
DA:1034,4
DA:1036,4
DA:1037,4
DA:1042,4
DA:1043,4
DA:1044,1
DA:1045,1
DA:1046,1
DA:1047,1
DA:1054,1
DA:1056,1
DA:1057,1
DA:1058,1
DA:1059,0
DA:1060,0
DA:1061,0
DA:1062,0
DA:1063,0
DA:1068,1
DA:1069,1
DA:1070,1
DA:1072,3
DA:1073,0
DA:1077,4
DA:1084,3
DA:1085,3
DA:1086,3
DA:1087,3
DA:1088,3
DA:1089,3
DA:1090,3
DA:1091,3
DA:1093,3
DA:1094,3
DA:1095,3
DA:1096,3
DA:1100,3
DA:1101,0
DA:1102,0
DA:1103,0
DA:1104,0
DA:1109,2
DA:1110,2
DA:1111,0
DA:1112,0
DA:1113,0
DA:1114,0
DA:1116,2
DA:1117,3
DA:1118,3
DA:1119,3
DA:1120,1
DA:1121,1
DA:1122,1
DA:1123,1
DA:1124,1
DA:1125,1
DA:1126,1
DA:1128,2
DA:1129,2
DA:1130,2
DA:1131,2
DA:1133,3
DA:1134,3
DA:1135,3
DA:1136,3
DA:1141,3
DA:1142,3
DA:1146,3
DA:1147,3
DA:1148,3
DA:1149,3
DA:1151,3
DA:1155,4
DA:1156,4
DA:1157,4
DA:1158,2
DA:1159,2
DA:1161,2
DA:1166,1
DA:1167,1
DA:1171,3
DA:1172,3
DA:1173,3
DA:1174,1
DA:1175,1
DA:1176,1
DA:1178,1
DA:1181,2
DA:1183,2
DA:1184,2
DA:1185,2
DA:1186,2
DA:1187,2
DA:1188,2
DA:1189,3
DA:1190,3
DA:1191,1
DA:1192,1
DA:1194,3
DA:1197,1
DA:1198,1
DA:1199,1
DA:1201,2
DA:1202,2
DA:1204,0
DA:1205,0
DA:1206,0
DA:1211,3
DA:1212,3
DA:1213,3
DA:1214,3
DA:1215,3
DA:1216,3
DA:1225,1
DA:1228,1
DA:1229,1
DA:1231,0
DA:1232,0
DA:1234,0
DA:1235,1
DA:1237,1
DA:1255,0
DA:1268,18
DA:1269,18
DA:1270,4
DA:1272,14
DA:1273,8
DA:1275,6
DA:1285,2
DA:1286,2
DA:1288,2
DA:1289,2
DA:1291,0
DA:1293,0
DA:1294,0
DA:1295,0
DA:1299,2
DA:1303,5
DA:1304,5
DA:1305,5
DA:1307,5
DA:1308,1
DA:1310,5
DA:1311,6
DA:1313,5
DA:1314,5
DA:1315,8
DA:1316,8
DA:1317,8
DA:1318,8
DA:1319,8
DA:1321,5
DA:1324,19
DA:1325,15
DA:1326,5
DA:1327,5
DA:1329,10
DA:1330,10
DA:1331,10
DA:1332,10
DA:1333,10
DA:1334,10
DA:1335,9
DA:1336,0
DA:1337,0
DA:1339,9
DA:1340,9
DA:1341,9
DA:1342,9
DA:1343,9
DA:1345,1
DA:1346,0
DA:1349,10
DA:1350,10
DA:1351,10
DA:1354,5
DA:1355,5
DA:1363,6
DA:1365,5
DA:1366,5
DA:1367,5
DA:1369,5
DA:1370,1
DA:1371,1
DA:1374,4
DA:1375,4
DA:1376,4
DA:1379,4
DA:1385,2
DA:1386,2
DA:1390,1
DA:1391,1
DA:1393,4
DA:1394,21
DA:1395,21
DA:1397,0
DA:1400,4
DA:1401,4
DA:1402,4
DA:1406,0
DA:1408,4
DA:1416,11
DA:1417,11
DA:1418,2
DA:1419,2
DA:1420,2
DA:1421,2
DA:1422,2
DA:1425,11
DA:1426,0
DA:1427,0
DA:1428,0
DA:1429,0
DA:1434,10
DA:1436,10
DA:1437,10
DA:1439,10
DA:1440,10
DA:1441,1
DA:1442,1
DA:1445,10
DA:1446,10
DA:1448,10
DA:1449,10
DA:1450,1
DA:1453,10
DA:1455,10
DA:1456,10
DA:1457,10
DA:1458,0
DA:1459,10
DA:1460,0
DA:1461,0
DA:1462,0
DA:1469,103
DA:1470,103
DA:1472,2
DA:1473,2
DA:1475,2
DA:1476,103
DA:1477,103
DA:1481,14
DA:1482,14
DA:1483,14
DA:1485,14
DA:1486,14
DA:1487,103
DA:1488,103
DA:1490,2
DA:1491,2
DA:1494,101
DA:1495,101
DA:1496,101
DA:1498,101
DA:1499,0
DA:1500,0
DA:1503,101
DA:1504,101
DA:1505,1
DA:1508,101
DA:1509,101
DA:1510,1
DA:1511,1
DA:1512,1
DA:1513,1
DA:1514,0
DA:1520,14
DA:1521,1
DA:1522,1
DA:1525,103
DA:1526,14
DA:1527,14
DA:1528,1
DA:1529,1
DA:1530,1
DA:1531,1
DA:1532,1
DA:1537,14
DA:1538,0
DA:1541,14
DA:1542,14
DA:1543,0
DA:1548,2
DA:1549,2
DA:1551,2
DA:1552,2
DA:1553,2
DA:1554,2
DA:1555,2
DA:1556,2
DA:1559,2
DA:1560,2
DA:1561,2
DA:1562,2
DA:1563,2
DA:1564,2
DA:1569,10
DA:1570,10
DA:1572,1
DA:1573,1
DA:1575,1
DA:1576,1
DA:1577,1
DA:1579,1
DA:1581,1
DA:1585,1
DA:1586,1
DA:1588,1
DA:1590,1
DA:1592,1
DA:1596,1
DA:1597,1
DA:1598,1
DA:1602,10
DA:1606,10
DA:1607,0
DA:1608,0
DA:1609,0
DA:1610,0
DA:1616,6
DA:1617,3
DA:1621,3
DA:1622,2
DA:1623,2
DA:1625,1
DA:1626,6
DA:1627,6
DA:1631,6
DA:1632,6
DA:1633,5
DA:1634,6
DA:1635,6
DA:1636,6
DA:1637,6
DA:1638,6
DA:1639,6
DA:1640,0
DA:1646,7
DA:1652,7
DA:1653,2
DA:1655,5
DA:1656,1
DA:1658,4
DA:1659,1
DA:1662,3
DA:1667,3
DA:1668,3
DA:1669,3
DA:1670,3
DA:1672,0
DA:1675,3
DA:1676,3
DA:1681,1
DA:1682,1
DA:1683,1
DA:1684,1
DA:1686,0
DA:1687,0
DA:1688,0
DA:1689,0
DA:1690,0
DA:1691,0
DA:1694,0
DA:1699,3
DA:1700,0
DA:1702,3
DA:1703,0
DA:1705,3
DA:1706,3
DA:1707,3
DA:1718,3
DA:1719,3
DA:1720,0
DA:1722,3
DA:1723,3
DA:1724,1
DA:1726,2
DA:1729,0
DA:1730,0
DA:1738,4
DA:1739,4
DA:1741,4
DA:1742,0
DA:1744,4
DA:1746,4
DA:1747,42
DA:1748,42
DA:1749,5
DA:1751,5
DA:1752,5
DA:1753,5
DA:1755,5
DA:1756,2
DA:1759,3
DA:1760,3
DA:1762,3
DA:1763,3
DA:1764,3
DA:1766,0
DA:1767,0
DA:1768,0
DA:1769,0
DA:1773,4
DA:1774,4
DA:1775,4
DA:1776,0
DA:1777,0
DA:1787,1
DA:1799,2
DA:1811,1
DA:1826,3
DA:1827,3
DA:1828,9
DA:1829,9
DA:1831,9
DA:1832,9
DA:1833,9
DA:1835,6
DA:1846,6
DA:1847,6
DA:1849,0
DA:1855,2
DA:1856,2
DA:1857,2
DA:1858,2
DA:1859,2
DA:1860,2
DA:1861,1
DA:1862,1
DA:1863,1
DA:1864,1
DA:1865,1
DA:1869,1
DA:1870,1
LF:1010
LH:839
BRDA:8,0,0,0
BRDA:8,0,1,0
BRDA:72,1,0,3
BRDA:72,1,1,2
BRDA:73,2,0,2
BRDA:73,2,1,1
BRDA:74,3,0,2
BRDA:74,3,1,1
BRDA:74,4,0,3
BRDA:74,4,1,2
BRDA:78,5,0,0
BRDA:78,5,1,1
BRDA:95,6,0,0
BRDA:95,6,1,1
BRDA:95,7,0,1
BRDA:95,7,1,1
BRDA:95,7,2,1
BRDA:96,8,0,0
BRDA:96,8,1,0
BRDA:96,8,2,0
BRDA:105,9,0,0
BRDA:105,9,1,2
BRDA:112,10,0,0
BRDA:112,10,1,0
BRDA:112,10,2,0
BRDA:114,11,0,1
BRDA:114,11,1,1
BRDA:114,12,0,2
BRDA:114,12,1,1
BRDA:114,12,2,1
BRDA:123,13,0,0
BRDA:123,13,1,3
BRDA:130,14,0,4
BRDA:130,14,1,1
BRDA:134,15,0,1
BRDA:134,15,1,3
BRDA:136,16,0,0
BRDA:136,16,1,1
BRDA:144,17,0,0
BRDA:144,17,1,1
BRDA:159,18,0,1
BRDA:159,18,1,2
BRDA:160,19,0,3
BRDA:160,19,1,0
BRDA:161,20,0,2
BRDA:161,20,1,1
BRDA:161,21,0,3
BRDA:161,21,1,2
BRDA:162,22,0,2
BRDA:162,22,1,1
BRDA:162,23,0,3
BRDA:162,23,1,2
BRDA:172,24,0,0
BRDA:172,24,1,3
BRDA:172,25,0,3
BRDA:172,25,1,3
BRDA:173,26,0,2
BRDA:173,26,1,1
BRDA:173,27,0,3
BRDA:173,27,1,1
BRDA:173,27,2,1
BRDA:173,27,3,0
BRDA:179,28,0,1
BRDA:179,28,1,0
BRDA:206,29,0,0
BRDA:206,29,1,1
BRDA:215,30,0,0
BRDA:215,30,1,2
BRDA:215,31,0,2
BRDA:215,31,1,2
BRDA:222,32,0,1
BRDA:222,32,1,1
BRDA:223,33,0,1
BRDA:223,33,1,1
BRDA:224,34,0,1
BRDA:224,34,1,1
BRDA:226,35,0,1
BRDA:226,35,1,1
BRDA:227,36,0,1
BRDA:227,36,1,1
BRDA:234,37,0,2
BRDA:234,37,1,1
BRDA:234,38,0,3
BRDA:234,38,1,1
BRDA:279,39,0,0
BRDA:279,39,1,1
BRDA:282,40,0,1
BRDA:282,40,1,0
BRDA:295,41,0,0
BRDA:295,41,1,1
BRDA:309,42,0,1
BRDA:309,42,1,0
BRDA:322,43,0,1
BRDA:322,43,1,1
BRDA:324,44,0,1
BRDA:324,44,1,0
BRDA:330,45,0,0
BRDA:330,45,1,1
BRDA:330,46,0,1
BRDA:330,46,1,1
BRDA:339,47,0,1
BRDA:339,47,1,0
BRDA:346,48,0,0
BRDA:346,48,1,0
BRDA:360,49,0,1
BRDA:360,49,1,0
BRDA:361,50,0,0
BRDA:361,50,1,1
BRDA:361,51,0,1
BRDA:361,51,1,1
BRDA:361,51,2,1
BRDA:361,51,3,1
BRDA:366,52,0,1
BRDA:366,52,1,0
BRDA:366,53,0,1
BRDA:366,53,1,0
BRDA:366,53,2,0
BRDA:366,53,3,0
BRDA:375,54,0,0
BRDA:375,54,1,0
BRDA:391,55,0,0
BRDA:391,55,1,1
BRDA:393,56,0,1
BRDA:393,56,1,0
BRDA:398,57,0,0
BRDA:398,57,1,1
BRDA:413,58,0,1
BRDA:413,58,1,1
BRDA:415,59,0,1
BRDA:415,59,1,1
BRDA:418,60,0,1
BRDA:418,60,1,1
BRDA:441,61,0,0
BRDA:441,61,1,1
BRDA:448,62,0,1
BRDA:448,62,1,0
BRDA:470,63,0,0
BRDA:470,63,1,2
BRDA:473,64,0,2
BRDA:473,64,1,0
BRDA:475,65,0,0
BRDA:475,65,1,0
BRDA:477,66,0,0
BRDA:477,66,1,0
BRDA:479,67,0,0
BRDA:479,67,1,0
BRDA:481,68,0,0
BRDA:481,68,1,0
BRDA:483,69,0,0
BRDA:483,69,1,0
BRDA:485,70,0,0
BRDA:485,70,1,0
BRDA:487,71,0,0
BRDA:487,71,1,0
BRDA:489,72,0,0
BRDA:489,72,1,0
BRDA:489,73,0,0
BRDA:489,73,1,0
BRDA:494,74,0,0
BRDA:494,74,1,2
BRDA:515,75,0,0
BRDA:515,75,1,1
BRDA:521,76,0,1
BRDA:521,76,1,0
BRDA:524,77,0,1
BRDA:524,77,1,0
BRDA:539,78,0,7
BRDA:541,79,0,6
BRDA:541,79,1,1
BRDA:552,80,0,1
BRDA:552,80,1,6
BRDA:562,81,0,0
BRDA:562,81,1,7
BRDA:562,82,0,7
BRDA:562,82,1,0
BRDA:580,83,0,2
BRDA:580,83,1,4
BRDA:580,84,0,6
BRDA:580,84,1,4
BRDA:585,85,0,0
BRDA:585,85,1,3
BRDA:589,86,0,2
BRDA:589,86,1,1
BRDA:595,87,0,1
BRDA:595,87,1,0
BRDA:618,88,0,4
BRDA:618,88,1,0
BRDA:618,89,0,4
BRDA:618,89,1,4
BRDA:624,90,0,4
BRDA:624,90,1,0
BRDA:624,91,0,4
BRDA:624,91,1,4
BRDA:630,92,0,4
BRDA:630,92,1,0
BRDA:645,93,0,4
BRDA:645,93,1,4
BRDA:645,93,2,4
BRDA:645,93,3,4
BRDA:648,94,0,0
BRDA:648,94,1,4
BRDA:655,95,0,4
BRDA:655,95,1,0
BRDA:659,96,0,3
BRDA:659,96,1,0
BRDA:660,97,0,3
BRDA:660,97,1,0
BRDA:661,98,0,3
BRDA:661,98,1,0
BRDA:665,99,0,3
BRDA:665,99,1,0
BRDA:672,100,0,4
BRDA:672,100,1,0
BRDA:676,101,0,4
BRDA:676,101,1,0
BRDA:678,102,0,3
BRDA:678,102,1,0
BRDA:681,103,0,1
BRDA:681,103,1,2
BRDA:690,104,0,4
BRDA:690,104,1,0
BRDA:692,105,0,1
BRDA:692,105,1,0
BRDA:702,106,0,2
BRDA:702,106,1,0
BRDA:703,107,0,2
BRDA:703,107,1,0
BRDA:714,108,0,0
BRDA:714,108,1,5
BRDA:714,109,0,5
BRDA:714,109,1,5
BRDA:714,109,2,5
BRDA:718,110,0,0
BRDA:718,110,1,1
BRDA:723,111,0,0
BRDA:723,111,1,1
BRDA:737,112,0,0
BRDA:737,112,1,1
BRDA:750,113,0,4
BRDA:750,113,1,0
BRDA:750,114,0,4
BRDA:750,114,1,2
BRDA:757,115,0,1
BRDA:757,115,1,0
BRDA:766,116,0,5
BRDA:766,116,1,0
BRDA:766,117,0,5
BRDA:766,117,1,5
BRDA:772,118,0,5
BRDA:772,118,1,0
BRDA:773,119,0,0
BRDA:773,119,1,5
BRDA:794,120,0,0
BRDA:794,120,1,0
BRDA:812,121,0,3
BRDA:812,121,1,0
BRDA:818,122,0,0
BRDA:818,122,1,3
BRDA:822,123,0,0
BRDA:822,123,1,3
BRDA:828,124,0,3
BRDA:828,124,1,0
BRDA:831,125,0,0
BRDA:831,125,1,0
BRDA:834,126,0,0
BRDA:834,126,1,0
BRDA:836,127,0,0
BRDA:836,127,1,0
BRDA:845,128,0,3
BRDA:845,128,1,0
BRDA:845,129,0,3
BRDA:845,129,1,3
BRDA:847,130,0,1
BRDA:847,130,1,0
BRDA:854,131,0,1
BRDA:854,131,1,0
BRDA:862,132,0,1
BRDA:862,132,1,0
BRDA:862,133,0,1
BRDA:862,133,1,1
BRDA:862,133,2,1
BRDA:870,134,0,3
BRDA:870,134,1,0
BRDA:870,135,0,3
BRDA:870,135,1,3
BRDA:872,136,0,2
BRDA:872,136,1,0
BRDA:879,137,0,2
BRDA:879,137,1,0
BRDA:887,138,0,1
BRDA:887,138,1,1
BRDA:887,139,0,2
BRDA:887,139,1,2
BRDA:887,139,2,1
BRDA:904,140,0,3
BRDA:904,140,1,0
BRDA:905,141,0,3
BRDA:905,141,1,0
BRDA:905,142,0,3
BRDA:905,142,1,3
BRDA:911,143,0,3
BRDA:911,143,1,0
BRDA:911,144,0,3
BRDA:911,144,1,3
BRDA:917,145,0,0
BRDA:917,145,1,3
BRDA:928,146,0,8
BRDA:928,146,1,0
BRDA:929,147,0,8
BRDA:929,147,1,0
BRDA:930,148,0,5
BRDA:930,148,1,3
BRDA:942,149,0,1
BRDA:942,149,1,5
BRDA:942,150,0,6
BRDA:942,150,1,3
BRDA:956,151,0,0
BRDA:956,151,1,1
BRDA:968,152,0,1
BRDA:968,152,1,0
BRDA:973,153,0,3
BRDA:973,153,1,2
BRDA:975,154,0,1
BRDA:975,154,1,2
BRDA:998,155,0,0
BRDA:998,155,1,0
BRDA:999,156,0,0
BRDA:999,156,1,0
BRDA:1015,157,0,4
BRDA:1015,157,1,1
BRDA:1017,158,0,0
BRDA:1017,158,1,4
BRDA:1023,159,0,0
BRDA:1023,159,1,8
BRDA:1026,160,0,8
BRDA:1026,160,1,0
BRDA:1027,161,0,8
BRDA:1027,161,1,0
BRDA:1030,162,0,4
BRDA:1030,162,1,4
BRDA:1037,163,0,4
BRDA:1037,163,1,0
BRDA:1043,164,0,1
BRDA:1043,164,1,3
BRDA:1043,165,0,4
BRDA:1043,165,1,1
BRDA:1044,166,0,1
BRDA:1044,166,1,0
BRDA:1057,167,0,1
BRDA:1057,167,1,0
BRDA:1060,168,0,0
BRDA:1060,168,1,0
BRDA:1069,169,0,1
BRDA:1069,169,1,0
BRDA:1072,170,0,0
BRDA:1072,170,1,3
BRDA:1093,171,0,3
BRDA:1093,171,1,0
BRDA:1100,172,0,0
BRDA:1100,172,1,3
BRDA:1104,173,0,0
BRDA:1104,173,1,0
BRDA:1110,174,0,0
BRDA:1110,174,1,2
BRDA:1110,175,0,2
BRDA:1110,175,1,2
BRDA:1119,176,0,1
BRDA:1119,176,1,2
BRDA:1125,177,0,1
BRDA:1125,177,1,0
BRDA:1130,178,0,2
BRDA:1130,178,1,0
BRDA:1134,179,0,3
BRDA:1134,179,1,1
BRDA:1145,180,0,3
BRDA:1147,181,0,2
BRDA:1147,181,1,1
BRDA:1148,182,0,3
BRDA:1148,182,1,0
BRDA:1155,183,0,2
BRDA:1155,183,1,2
BRDA:1157,184,0,2
BRDA:1157,184,1,2
BRDA:1166,185,0,1
BRDA:1166,185,1,1
BRDA:1166,185,2,0
BRDA:1171,186,0,0
BRDA:1171,186,1,3
BRDA:1171,187,0,3
BRDA:1171,187,1,3
BRDA:1171,187,2,3
BRDA:1171,187,3,3
BRDA:1171,187,4,3
BRDA:1171,187,5,3
BRDA:1173,188,0,1
BRDA:1173,188,1,2
BRDA:1175,189,0,1
BRDA:1175,189,1,0
BRDA:1189,190,0,0
BRDA:1189,190,1,3
BRDA:1190,191,0,1
BRDA:1190,191,1,2
BRDA:1194,192,0,1
BRDA:1194,192,1,2
BRDA:1197,193,0,0
BRDA:1197,193,1,1
BRDA:1205,194,0,0
BRDA:1205,194,1,0
BRDA:1212,195,0,3
BRDA:1212,195,1,0
BRDA:1213,196,0,3
BRDA:1213,196,1,0
BRDA:1214,197,0,3
BRDA:1214,197,1,0
BRDA:1229,198,0,1
BRDA:1229,198,1,0
BRDA:1229,199,0,1
BRDA:1229,199,1,1
BRDA:1229,199,2,0
BRDA:1232,200,0,0
BRDA:1232,200,1,0
BRDA:1234,201,0,0
BRDA:1234,201,1,0
BRDA:1235,202,0,1
BRDA:1235,202,1,0
BRDA:1242,203,0,1
BRDA:1242,203,1,0
BRDA:1242,204,0,1
BRDA:1242,204,1,0
BRDA:1268,205,0,18
BRDA:1268,205,1,3
BRDA:1269,206,0,4
BRDA:1269,206,1,14
BRDA:1272,207,0,8
BRDA:1272,207,1,6
BRDA:1289,208,0,0
BRDA:1289,208,1,2
BRDA:1293,209,0,0
BRDA:1293,209,1,0
BRDA:1294,210,0,0
BRDA:1294,210,1,0
BRDA:1294,211,0,0
BRDA:1294,211,1,0
BRDA:1299,212,0,2
BRDA:1299,212,1,1
BRDA:1308,213,0,1
BRDA:1308,213,1,0
BRDA:1311,214,0,5
BRDA:1311,214,1,1
BRDA:1324,215,0,4
BRDA:1324,215,1,15
BRDA:1325,216,0,5
BRDA:1325,216,1,10
BRDA:1335,217,0,0
BRDA:1335,217,1,9
BRDA:1341,218,0,0
BRDA:1341,218,1,9
BRDA:1345,219,0,0
BRDA:1345,219,1,1
BRDA:1345,220,0,1
BRDA:1345,220,1,1
BRDA:1351,221,0,2
BRDA:1351,221,1,8
BRDA:1351,222,0,10
BRDA:1351,222,1,2
BRDA:1363,223,0,1
BRDA:1363,223,1,5
BRDA:1369,224,0,1
BRDA:1369,224,1,4
BRDA:1369,225,0,5
BRDA:1369,225,1,5
BRDA:1369,225,2,4
BRDA:1391,226,0,0
BRDA:1391,226,1,1
BRDA:1401,227,0,4
BRDA:1401,227,1,0
BRDA:1417,228,0,2
BRDA:1417,228,1,9
BRDA:1419,229,0,2
BRDA:1419,229,1,0
BRDA:1421,230,0,2
BRDA:1421,230,1,0
BRDA:1425,231,0,0
BRDA:1425,231,1,11
BRDA:1425,232,0,11
BRDA:1425,232,1,0
BRDA:1426,233,0,0
BRDA:1426,233,1,0
BRDA:1427,234,0,0
BRDA:1427,234,1,0
BRDA:1434,235,0,0
BRDA:1434,235,1,10
BRDA:1437,236,0,1
BRDA:1437,236,1,9
BRDA:1440,237,0,1
BRDA:1440,237,1,9
BRDA:1442,238,0,1
BRDA:1442,238,1,0
BRDA:1446,239,0,1
BRDA:1446,239,1,9
BRDA:1449,240,0,1
BRDA:1449,240,1,9
BRDA:1455,241,0,10
BRDA:1455,241,1,10
BRDA:1457,242,0,0
BRDA:1457,242,1,10
BRDA:1458,243,0,0
BRDA:1458,243,1,0
BRDA:1459,244,0,0
BRDA:1459,244,1,10
BRDA:1459,245,0,10
BRDA:1459,245,1,0
BRDA:1460,246,0,0
BRDA:1460,246,1,0
BRDA:1470,247,0,101
BRDA:1470,247,1,2
BRDA:1473,248,0,0
BRDA:1473,248,1,2
BRDA:1475,249,0,0
BRDA:1475,249,1,2
BRDA:1477,250,0,0
BRDA:1477,250,1,2
BRDA:1480,251,0,14
BRDA:1480,252,0,14
BRDA:1481,253,0,0
BRDA:1481,253,1,14
BRDA:1483,254,0,0
BRDA:1483,254,1,14
BRDA:1488,255,0,2
BRDA:1488,255,1,101
BRDA:1490,256,0,1
BRDA:1490,256,1,1
BRDA:1490,257,0,2
BRDA:1490,257,1,2
BRDA:1498,258,0,0
BRDA:1498,258,1,101
BRDA:1498,259,0,101
BRDA:1498,259,1,1
BRDA:1498,259,2,1
BRDA:1498,259,3,1
BRDA:1504,260,0,1
BRDA:1504,260,1,100
BRDA:1509,261,0,1
BRDA:1509,261,1,100
BRDA:1511,262,0,1
BRDA:1511,262,1,0
BRDA:1513,263,0,0
BRDA:1513,263,1,1
BRDA:1513,264,0,1
BRDA:1513,264,1,1
BRDA:1513,264,2,0
BRDA:1520,265,0,1
BRDA:1520,265,1,13
BRDA:1520,266,0,14
BRDA:1520,266,1,1
BRDA:1526,267,0,12
BRDA:1526,267,1,2
BRDA:1528,268,0,1
BRDA:1528,268,1,0
BRDA:1532,269,0,1
BRDA:1532,269,1,0
BRDA:1537,270,0,0
BRDA:1537,270,1,14
BRDA:1542,271,0,0
BRDA:1542,271,1,14
BRDA:1542,272,0,14
BRDA:1542,272,1,0
BRDA:1549,273,0,2
BRDA:1549,273,1,0
BRDA:1552,274,0,2
BRDA:1552,274,1,0
BRDA:1553,275,0,0
BRDA:1553,275,1,2
BRDA:1554,276,0,0
BRDA:1554,276,1,2
BRDA:1555,277,0,0
BRDA:1555,277,1,2
BRDA:1560,278,0,2
BRDA:1560,278,1,0
BRDA:1561,279,0,0
BRDA:1561,279,1,2
BRDA:1562,280,0,0
BRDA:1562,280,1,2
BRDA:1563,281,0,0
BRDA:1563,281,1,2
BRDA:1570,282,0,9
BRDA:1570,282,1,1
BRDA:1573,283,0,0
BRDA:1573,283,1,1
BRDA:1576,284,0,1
BRDA:1576,284,1,0
BRDA:1577,285,0,0
BRDA:1577,285,1,1
BRDA:1586,286,0,1
BRDA:1586,286,1,0
BRDA:1598,287,0,1
BRDA:1598,287,1,1
BRDA:1598,287,2,1
BRDA:1602,288,0,10
BRDA:1602,288,1,0
BRDA:1602,288,2,0
BRDA:1602,288,3,0
BRDA:1602,288,4,0
BRDA:1606,289,0,0
BRDA:1606,289,1,10
BRDA:1607,290,0,0
BRDA:1607,290,1,0
BRDA:1609,291,0,0
BRDA:1609,291,1,0
BRDA:1616,292,0,3
BRDA:1616,292,1,3
BRDA:1621,293,0,2
BRDA:1621,293,1,1
BRDA:1625,294,0,1
BRDA:1625,294,1,0
BRDA:1627,295,0,6
BRDA:1627,295,1,0
BRDA:1632,296,0,1
BRDA:1632,296,1,5
BRDA:1633,297,0,2
BRDA:1633,297,1,3
BRDA:1636,298,0,3
BRDA:1636,298,1,3
BRDA:1637,299,0,2
BRDA:1637,299,1,4
BRDA:1639,300,0,0
BRDA:1639,300,1,6
BRDA:1646,301,0,7
BRDA:1646,301,1,0
BRDA:1652,302,0,2
BRDA:1652,302,1,5
BRDA:1655,303,0,1
BRDA:1655,303,1,4
BRDA:1658,304,0,1
BRDA:1658,304,1,3
BRDA:1667,305,0,3
BRDA:1667,305,1,0
BRDA:1668,306,0,3
BRDA:1668,306,1,0
BRDA:1669,307,0,3
BRDA:1669,307,1,0
BRDA:1675,308,0,3
BRDA:1675,308,1,0
BRDA:1682,309,0,1
BRDA:1682,309,1,0
BRDA:1689,310,0,0
BRDA:1689,310,1,0
BRDA:1694,311,0,0
BRDA:1694,311,1,0
BRDA:1699,312,0,0
BRDA:1699,312,1,3
BRDA:1702,313,0,0
BRDA:1702,313,1,3
BRDA:1706,314,0,3
BRDA:1706,314,1,0
BRDA:1719,315,0,0
BRDA:1719,315,1,3
BRDA:1720,316,0,0
BRDA:1720,316,1,0
BRDA:1720,316,2,0
BRDA:1722,317,0,3
BRDA:1722,317,1,0
BRDA:1723,318,0,1
BRDA:1723,318,1,2
BRDA:1729,319,0,0
BRDA:1729,319,1,0
BRDA:1729,319,2,0
BRDA:1738,320,0,4
BRDA:1738,320,1,0
BRDA:1741,321,0,0
BRDA:1741,321,1,4
BRDA:1748,322,0,37
BRDA:1748,322,1,5
BRDA:1749,323,0,0
BRDA:1749,323,1,5
BRDA:1749,324,0,5
BRDA:1749,324,1,5
BRDA:1753,325,0,0
BRDA:1753,325,1,5
BRDA:1755,326,0,2
BRDA:1755,326,1,3
BRDA:1755,327,0,5
BRDA:1755,327,1,4
BRDA:1767,328,0,0
BRDA:1767,328,1,0
BRDA:1774,329,0,4
BRDA:1774,329,1,0
BRDA:1828,330,0,9
BRDA:1828,330,1,3
BRDA:1829,331,0,0
BRDA:1829,331,1,9
BRDA:1833,332,0,3
BRDA:1833,332,1,6
BRDA:1855,333,0,0
BRDA:1855,333,1,2
BRDA:1855,334,0,2
BRDA:1855,334,1,2
BRDA:1857,335,0,0
BRDA:1857,335,1,2
BRDA:1860,336,0,1
BRDA:1860,336,1,1
BRDA:1860,337,0,2
BRDA:1860,337,1,1
BRDA:1863,338,0,1
BRDA:1863,338,1,0
BRDA:1863,339,0,1
BRDA:1863,339,1,1
BRDA:1869,340,0,1
BRDA:1869,340,1,0
BRDA:1869,341,0,1
BRDA:1869,341,1,1
BRF:711
BRH:445
end_of_record
