TN:
SF:static/js/editor.js
FN:2,parseInline
FN:38,setupScrollSync
FN:43,(anonymous_2)
FN:54,(anonymous_3)
FN:66,replaceMarkdownLinks
FN:100,isSafePreviewUrl
FN:114,insertFormatting
FN:146,(anonymous_7)
FN:151,updateCounts
FN:155,(anonymous_9)
FN:173,(anonymous_10)
FN:183,(anonymous_11)
FN:191,(anonymous_12)
FN:192,(anonymous_13)
FN:205,applyPostRenderFeatures
FN:209,(anonymous_15)
FN:239,_escapeCssIdentifier
FN:251,initDeepLinkScroll
FN:263,(anonymous_18)
FN:275,_slugifyHeading
FN:286,_handleHeading
FN:300,_handleBlockquote
FN:311,_handleList
FN:331,_handleTable
FN:343,(anonymous_24)
FN:343,(anonymous_25)
FN:346,(anonymous_26)
FN:350,(anonymous_27)
FN:360,_closeOpenBlocks
FN:366,processBlockElement
FN:367,(anonymous_30)
FN:387,_parseYamlFrontmatter
FN:401,(anonymous_32)
FN:440,_restoreSafeHtml
FN:444,(anonymous_34)
FN:461,_processLine
FN:489,escapeHtml
FN:496,compileMarkdown
FNF:38
FNH:17
FNDA:20,parseInline
FNDA:0,setupScrollSync
FNDA:0,(anonymous_2)
FNDA:0,(anonymous_3)
FNDA:23,replaceMarkdownLinks
FNDA:10,isSafePreviewUrl
FNDA:0,insertFormatting
FNDA:0,(anonymous_7)
FNDA:0,updateCounts
FNDA:0,(anonymous_9)
FNDA:0,(anonymous_10)
FNDA:0,(anonymous_11)
FNDA:0,(anonymous_12)
FNDA:0,(anonymous_13)
FNDA:0,applyPostRenderFeatures
FNDA:0,(anonymous_15)
FNDA:2,_escapeCssIdentifier
FNDA:0,initDeepLinkScroll
FNDA:0,(anonymous_18)
FNDA:11,_slugifyHeading
FNDA:12,_handleHeading
FNDA:10,_handleBlockquote
FNDA:10,_handleList
FNDA:6,_handleTable
FNDA:0,(anonymous_24)
FNDA:0,(anonymous_25)
FNDA:0,(anonymous_26)
FNDA:0,(anonymous_27)
FNDA:0,_closeOpenBlocks
FNDA:12,processBlockElement
FNDA:14,(anonymous_30)
FNDA:11,_parseYamlFrontmatter
FNDA:0,(anonymous_32)
FNDA:11,_restoreSafeHtml
FNDA:5,(anonymous_34)
FNDA:15,_processLine
FNDA:20,escapeHtml
FNDA:13,compileMarkdown
DA:3,20
DA:6,20
DA:9,20
DA:12,20
DA:15,20
DA:16,20
DA:19,20
DA:20,20
DA:23,20
DA:27,20
DA:29,20
DA:39,0
DA:40,0
DA:41,0
DA:43,0
DA:44,0
DA:45,0
DA:46,0
DA:47,0
DA:49,0
DA:50,0
DA:51,0
DA:54,0
DA:55,0
DA:56,0
DA:57,0
DA:58,0
DA:60,0
DA:61,0
DA:62,0
DA:67,23
DA:68,23
DA:70,23
DA:71,23
DA:72,23
DA:74,3
DA:75,3
DA:76,23
DA:78,3
DA:79,3
DA:80,3
DA:81,1
DA:82,1
DA:83,1
DA:86,2
DA:87,2
DA:88,2
DA:89,2
DA:92,3
DA:101,10
DA:102,3
DA:104,7
DA:105,7
DA:106,10
DA:107,10
DA:109,0
DA:115,0
DA:116,0
DA:117,0
DA:118,0
DA:119,0
DA:121,0
DA:137,0
DA:138,0
DA:139,0
DA:140,0
DA:141,0
DA:142,0
DA:146,1
DA:148,0
DA:149,0
DA:152,0
DA:153,0
DA:154,0
DA:155,0
DA:156,0
DA:157,0
DA:158,0
DA:159,0
DA:164,0
DA:165,0
DA:166,0
DA:167,0
DA:168,0
DA:170,0
DA:173,0
DA:174,0
DA:175,0
DA:176,0
DA:180,0
DA:183,0
DA:184,0
DA:189,0
DA:190,0
DA:191,0
DA:192,0
DA:193,0
DA:194,0
DA:206,0
DA:207,0
DA:209,0
DA:210,0
DA:211,0
DA:212,0
DA:213,0
DA:214,0
DA:215,0
DA:216,0
DA:217,0
DA:218,0
DA:222,0
DA:223,0
DA:224,0
DA:226,0
DA:227,0
DA:232,0
DA:233,0
DA:236,0
DA:240,2
DA:241,0
DA:243,2
DA:252,0
DA:253,0
DA:254,0
DA:256,0
DA:257,0
DA:258,0
DA:259,0
DA:262,0
DA:263,0
DA:264,0
DA:265,0
DA:266,0
DA:267,0
DA:276,11
DA:277,8
DA:281,8
DA:282,8
DA:283,8
DA:287,12
DA:288,12
DA:290,2
DA:291,2
DA:292,2
DA:293,2
DA:294,2
DA:295,12
DA:296,12
DA:297,12
DA:301,10
DA:302,0
DA:303,0
DA:304,0
DA:305,10
DA:306,0
DA:308,10
DA:312,10
DA:313,10
DA:315,10
DA:316,4
DA:317,4
DA:318,4
DA:319,2
DA:320,0
DA:321,0
DA:323,4
DA:324,4
DA:325,6
DA:326,0
DA:328,6
DA:332,6
DA:333,0
DA:334,0
DA:335,0
DA:336,0
DA:338,0
DA:339,0
DA:340,0
DA:341,0
DA:343,0
DA:344,0
DA:345,0
DA:346,0
DA:347,0
DA:349,0
DA:350,0
DA:351,0
DA:353,0
DA:354,6
DA:355,0
DA:357,6
DA:361,0
DA:362,0
DA:363,0
DA:367,14
DA:369,12
DA:370,0
DA:371,0
DA:374,12
DA:375,0
DA:376,0
DA:379,12
DA:380,10
DA:381,10
DA:382,6
DA:384,6
DA:388,11
DA:389,11
DA:391,11
DA:392,0
DA:393,0
DA:394,0
DA:395,0
DA:396,0
DA:397,0
DA:399,0
DA:400,0
DA:401,0
DA:402,0
DA:403,0
DA:404,0
DA:405,0
DA:410,0
DA:411,0
DA:419,0
DA:420,0
DA:430,11
DA:433,1
DA:438,1
DA:441,11
DA:445,5
DA:446,0
DA:447,0
DA:448,0
DA:449,0
DA:451,0
DA:452,0
DA:453,0
DA:457,0
DA:462,15
DA:463,2
DA:464,1
DA:465,1
DA:467,1
DA:468,1
DA:469,2
DA:470,2
DA:471,2
DA:473,13
DA:474,1
DA:477,12
DA:478,12
DA:479,12
DA:490,20
DA:491,20
DA:492,20
DA:493,20
DA:497,13
DA:499,11
DA:501,11
DA:502,11
DA:503,11
DA:505,11
DA:515,11
DA:517,11
DA:518,15
DA:521,11
DA:524,1
DA:525,1
LF:269
LH:117
BRDA:44,0,0,0
BRDA:44,0,1,0
BRDA:44,1,0,0
BRDA:44,1,1,0
BRDA:45,2,0,0
BRDA:45,2,1,0
BRDA:55,3,0,0
BRDA:55,3,1,0
BRDA:55,4,0,0
BRDA:55,4,1,0
BRDA:56,5,0,0
BRDA:56,5,1,0
BRDA:72,6,0,20
BRDA:72,6,1,3
BRDA:75,7,0,0
BRDA:75,7,1,3
BRDA:76,8,0,0
BRDA:76,8,1,23
BRDA:76,9,0,23
BRDA:76,9,1,3
BRDA:80,10,0,1
BRDA:80,10,1,2
BRDA:80,11,0,3
BRDA:80,11,1,3
BRDA:80,11,2,3
BRDA:80,11,3,2
BRDA:101,12,0,3
BRDA:101,12,1,7
BRDA:101,13,0,10
BRDA:101,13,1,8
BRDA:105,14,0,7
BRDA:105,14,1,0
BRDA:107,15,0,10
BRDA:107,15,1,4
BRDA:116,16,0,0
BRDA:116,16,1,0
BRDA:137,17,0,0
BRDA:137,17,1,0
BRDA:139,18,0,0
BRDA:139,18,1,0
BRDA:152,19,0,0
BRDA:152,19,1,0
BRDA:153,20,0,0
BRDA:153,20,1,0
BRDA:158,21,0,0
BRDA:158,21,1,0
BRDA:159,22,0,0
BRDA:159,22,1,0
BRDA:159,23,0,0
BRDA:159,23,1,0
BRDA:164,24,0,0
BRDA:164,24,1,0
BRDA:164,25,0,0
BRDA:164,25,1,0
BRDA:166,26,0,0
BRDA:166,26,1,0
BRDA:190,27,0,0
BRDA:190,27,1,0
BRDA:190,28,0,0
BRDA:190,28,1,0
BRDA:190,28,2,0
BRDA:210,29,0,0
BRDA:210,29,1,0
BRDA:213,30,0,0
BRDA:213,30,1,0
BRDA:216,31,0,0
BRDA:216,31,1,0
BRDA:222,32,0,0
BRDA:222,32,1,0
BRDA:232,33,0,0
BRDA:232,33,1,0
BRDA:232,34,0,0
BRDA:232,34,1,0
BRDA:240,35,0,0
BRDA:240,35,1,2
BRDA:252,36,0,0
BRDA:252,36,1,0
BRDA:254,37,0,0
BRDA:254,37,1,0
BRDA:259,38,0,0
BRDA:259,38,1,0
BRDA:262,39,0,0
BRDA:262,39,1,0
BRDA:276,40,0,3
BRDA:276,40,1,8
BRDA:276,41,0,11
BRDA:276,41,1,8
BRDA:288,42,0,10
BRDA:288,42,1,2
BRDA:290,43,0,0
BRDA:290,43,1,2
BRDA:294,44,0,0
BRDA:294,44,1,2
BRDA:295,45,0,2
BRDA:295,45,1,0
BRDA:301,46,0,0
BRDA:301,46,1,10
BRDA:302,47,0,0
BRDA:302,47,1,0
BRDA:305,48,0,0
BRDA:305,48,1,10
BRDA:315,49,0,4
BRDA:315,49,1,6
BRDA:315,50,0,10
BRDA:315,50,1,8
BRDA:316,51,0,2
BRDA:316,51,1,2
BRDA:317,52,0,2
BRDA:317,52,1,2
BRDA:318,53,0,2
BRDA:318,53,1,2
BRDA:319,54,0,0
BRDA:319,54,1,2
BRDA:319,55,0,2
BRDA:319,55,1,2
BRDA:325,56,0,0
BRDA:325,56,1,6
BRDA:325,57,0,6
BRDA:325,57,1,0
BRDA:332,58,0,0
BRDA:332,58,1,6
BRDA:332,59,0,6
BRDA:332,59,1,0
BRDA:333,60,0,0
BRDA:333,60,1,0
BRDA:339,61,0,0
BRDA:339,61,1,0
BRDA:340,62,0,0
BRDA:340,62,1,0
BRDA:343,63,0,0
BRDA:343,63,1,0
BRDA:343,64,0,0
BRDA:343,64,1,0
BRDA:343,65,0,0
BRDA:343,65,1,0
BRDA:344,66,0,0
BRDA:344,66,1,0
BRDA:354,67,0,0
BRDA:354,67,1,6
BRDA:361,68,0,0
BRDA:361,68,1,0
BRDA:362,69,0,0
BRDA:362,69,1,0
BRDA:363,70,0,0
BRDA:363,70,1,0
BRDA:369,71,0,0
BRDA:369,71,1,12
BRDA:374,72,0,0
BRDA:374,72,1,12
BRDA:379,73,0,2
BRDA:379,73,1,10
BRDA:380,74,0,0
BRDA:380,74,1,10
BRDA:381,75,0,4
BRDA:381,75,1,6
BRDA:382,76,0,0
BRDA:382,76,1,6
BRDA:391,77,0,0
BRDA:391,77,1,11
BRDA:391,78,0,11
BRDA:391,78,1,11
BRDA:392,79,0,0
BRDA:392,79,1,0
BRDA:395,80,0,0
BRDA:395,80,1,0
BRDA:403,81,0,0
BRDA:403,81,1,0
BRDA:410,82,0,0
BRDA:410,82,1,0
BRDA:410,83,0,0
BRDA:410,83,1,0
BRDA:419,84,0,0
BRDA:419,84,1,0
BRDA:445,85,0,5
BRDA:445,85,1,0
BRDA:447,86,0,0
BRDA:447,86,1,0
BRDA:452,87,0,0
BRDA:452,87,1,0
BRDA:457,88,0,0
BRDA:457,88,1,0
BRDA:462,89,0,2
BRDA:462,89,1,13
BRDA:463,90,0,1
BRDA:463,90,1,1
BRDA:468,91,0,1
BRDA:468,91,1,0
BRDA:469,92,0,1
BRDA:469,92,1,0
BRDA:473,93,0,1
BRDA:473,93,1,12
BRDA:497,94,0,2
BRDA:497,94,1,11
BRDA:524,95,0,1
BRDA:524,95,1,0
BRDA:524,96,0,1
BRDA:524,96,1,1
BRF:197
BRH:74
end_of_record
TN:
SF:static/js/main.js
FN:6,(anonymous_0)
FN:65,initializeAuditSearch
FN:80,(anonymous_2)
FN:91,(anonymous_3)
FN:92,(anonymous_4)
FN:94,(anonymous_5)
FN:102,(anonymous_6)
FN:111,createPasswordFeedbackElement
FN:137,updatePasswordMatchStatus
FN:154,bindPasswordMatchEvents
FN:160,(anonymous_10)
FN:169,initializePasswordMatchFeedback
FN:181,initializeAlerts
FN:185,(anonymous_13)
FN:186,(anonymous_14)
FN:191,(anonymous_15)
FN:192,(anonymous_16)
FN:193,(anonymous_17)
FN:200,(anonymous_18)
FN:216,initializeSearchShortcuts
FN:248,(anonymous_20)
FN:251,(anonymous_21)
FN:255,updateUIState
FN:273,(anonymous_23)
FN:279,(anonymous_24)
FN:280,(anonymous_25)
FN:287,(anonymous_26)
FN:293,(anonymous_27)
FN:309,(anonymous_28)
FN:320,initializePasswordToggles
FN:325,(anonymous_30)
FN:346,(anonymous_31)
FN:361,initializeCapsLockDetector
FN:362,(anonymous_33)
FN:382,(anonymous_34)
FN:393,(anonymous_35)
FN:403,setFormSubmitLoadingState
FN:438,initializeFormSubmitSpinners
FN:443,(anonymous_38)
FN:444,(anonymous_39)
FN:450,(anonymous_40)
FN:452,(anonymous_41)
FN:466,showClientSideAlert
FN:493,(anonymous_43)
FN:497,(anonymous_44)
FN:498,(anonymous_45)
FN:499,(anonymous_46)
FN:506,dismissCard
FN:509,handler
FN:532,initializeSettingsModal
FN:543,(anonymous_50)
FN:549,(anonymous_51)
FN:556,(anonymous_52)
FN:561,(anonymous_53)
FN:575,(anonymous_54)
FN:595,(anonymous_55)
FN:604,(anonymous_56)
FN:612,cancelResetConfirmation
FN:622,initializeDragAndDrop
FN:629,validateFilesAndSubmit
FN:669,(anonymous_60)
FN:673,(anonymous_61)
FN:679,(anonymous_62)
FN:680,(anonymous_63)
FN:686,(anonymous_64)
FN:687,(anonymous_65)
FN:693,(anonymous_66)
FN:706,initializeExportActions
FN:715,(anonymous_68)
FN:721,(anonymous_69)
FN:725,(anonymous_70)
FN:731,(anonymous_71)
FN:747,(anonymous_72)
FN:768,(anonymous_73)
FN:789,(anonymous_74)
FN:804,(anonymous_75)
FN:812,toggleExportFooter
FN:828,selectAllCheckbox
FN:830,(anonymous_78)
FN:844,initializeLibraryFilter
FN:862,updateUIState_2
FN:874,(anonymous_81)
FN:879,(anonymous_82)
FN:887,(anonymous_83)
FN:904,applyLibraryFilter
FN:911,(anonymous_85)
FN:941,(anonymous_86)
FN:963,initializeRAGSearch
FN:974,(anonymous_88)
FN:981,(anonymous_89)
FN:988,runSemanticRAG
FN:1004,(anonymous_91)
FN:1011,(anonymous_92)
FN:1012,(anonymous_93)
FN:1026,(anonymous_94)
FN:1047,(anonymous_95)
FN:1061,initializeTokensChart
FN:1087,label
FN:1101,formatCompact
FN:1115,_checkNeedsPolling
FN:1135,initializeStatusPoller
FN:1144,runPoller
FN:1149,(anonymous_102)
FN:1150,(anonymous_103)
FN:1156,(anonymous_104)
FN:1167,initializeSupabaseRealtime
FN:1186,(anonymous_106)
FN:1191,(anonymous_107)
FN:1196,triggerUpdate
FN:1200,(anonymous_109)
FN:1201,(anonymous_110)
FN:1207,(anonymous_111)
FN:1221,_updateTokenMetricCard
FN:1237,updateDashboardStats
FN:1268,_findTableRowForDoc
FN:1280,updateDocumentsTable
FN:1285,(anonymous_116)
FN:1315,_updateDetailMetaFields
FN:1336,updateDocumentDetailScreen
FN:1344,(anonymous_119)
FN:1373,updateTimelineStep
FN:1398,getStatusBadgeHTML
FN:1416,_handleDocumentStateAction
FN:1417,(anonymous_123)
FN:1446,(anonymous_124)
FN:1452,(anonymous_125)
FN:1463,(anonymous_126)
FN:1477,initializeRetryActions
FN:1489,initializeCancelActions
FN:1503,initializeLocalTimezones
FN:1505,(anonymous_130)
FNF:131
FNH:3
FNDA:0,(anonymous_0)
FNDA:0,initializeAuditSearch
FNDA:0,(anonymous_2)
FNDA:0,(anonymous_3)
FNDA:0,(anonymous_4)
FNDA:0,(anonymous_5)
FNDA:0,(anonymous_6)
FNDA:0,createPasswordFeedbackElement
FNDA:0,updatePasswordMatchStatus
FNDA:0,bindPasswordMatchEvents
FNDA:0,(anonymous_10)
FNDA:0,initializePasswordMatchFeedback
FNDA:0,initializeAlerts
FNDA:0,(anonymous_13)
FNDA:0,(anonymous_14)
FNDA:0,(anonymous_15)
FNDA:0,(anonymous_16)
FNDA:0,(anonymous_17)
FNDA:0,(anonymous_18)
FNDA:0,initializeSearchShortcuts
FNDA:0,(anonymous_20)
FNDA:0,(anonymous_21)
FNDA:0,updateUIState
FNDA:0,(anonymous_23)
FNDA:0,(anonymous_24)
FNDA:0,(anonymous_25)
FNDA:0,(anonymous_26)
FNDA:0,(anonymous_27)
FNDA:0,(anonymous_28)
FNDA:0,initializePasswordToggles
FNDA:0,(anonymous_30)
FNDA:0,(anonymous_31)
FNDA:0,initializeCapsLockDetector
FNDA:0,(anonymous_33)
FNDA:0,(anonymous_34)
FNDA:0,(anonymous_35)
FNDA:0,setFormSubmitLoadingState
FNDA:0,initializeFormSubmitSpinners
FNDA:0,(anonymous_38)
FNDA:0,(anonymous_39)
FNDA:0,(anonymous_40)
FNDA:0,(anonymous_41)
FNDA:3,showClientSideAlert
FNDA:0,(anonymous_43)
FNDA:0,(anonymous_44)
FNDA:0,(anonymous_45)
FNDA:0,(anonymous_46)
FNDA:0,dismissCard
FNDA:0,handler
FNDA:0,initializeSettingsModal
FNDA:0,(anonymous_50)
FNDA:0,(anonymous_51)
FNDA:0,(anonymous_52)
FNDA:0,(anonymous_53)
FNDA:0,(anonymous_54)
FNDA:0,(anonymous_55)
FNDA:0,(anonymous_56)
FNDA:0,cancelResetConfirmation
FNDA:0,initializeDragAndDrop
FNDA:0,validateFilesAndSubmit
FNDA:0,(anonymous_60)
FNDA:0,(anonymous_61)
FNDA:0,(anonymous_62)
FNDA:0,(anonymous_63)
FNDA:0,(anonymous_64)
FNDA:0,(anonymous_65)
FNDA:0,(anonymous_66)
FNDA:0,initializeExportActions
FNDA:0,(anonymous_68)
FNDA:0,(anonymous_69)
FNDA:0,(anonymous_70)
FNDA:0,(anonymous_71)
FNDA:0,(anonymous_72)
FNDA:0,(anonymous_73)
FNDA:0,(anonymous_74)
FNDA:0,(anonymous_75)
FNDA:0,toggleExportFooter
FNDA:0,selectAllCheckbox
FNDA:0,(anonymous_78)
FNDA:0,initializeLibraryFilter
FNDA:0,updateUIState_2
FNDA:0,(anonymous_81)
FNDA:0,(anonymous_82)
FNDA:0,(anonymous_83)
FNDA:0,applyLibraryFilter
FNDA:0,(anonymous_85)
FNDA:0,(anonymous_86)
FNDA:0,initializeRAGSearch
FNDA:0,(anonymous_88)
FNDA:0,(anonymous_89)
FNDA:0,runSemanticRAG
FNDA:0,(anonymous_91)
FNDA:0,(anonymous_92)
FNDA:0,(anonymous_93)
FNDA:0,(anonymous_94)
FNDA:0,(anonymous_95)
FNDA:0,initializeTokensChart
FNDA:0,label
FNDA:12,formatCompact
FNDA:0,_checkNeedsPolling
FNDA:0,initializeStatusPoller
FNDA:0,runPoller
FNDA:0,(anonymous_102)
FNDA:0,(anonymous_103)
FNDA:0,(anonymous_104)
FNDA:0,initializeSupabaseRealtime
FNDA:0,(anonymous_106)
FNDA:0,(anonymous_107)
FNDA:0,triggerUpdate
FNDA:0,(anonymous_109)
FNDA:0,(anonymous_110)
FNDA:0,(anonymous_111)
FNDA:0,_updateTokenMetricCard
FNDA:0,updateDashboardStats
FNDA:0,_findTableRowForDoc
FNDA:0,updateDocumentsTable
FNDA:0,(anonymous_116)
FNDA:0,_updateDetailMetaFields
FNDA:0,updateDocumentDetailScreen
FNDA:0,(anonymous_119)
FNDA:0,updateTimelineStep
FNDA:6,getStatusBadgeHTML
FNDA:0,_handleDocumentStateAction
FNDA:0,(anonymous_123)
FNDA:0,(anonymous_124)
FNDA:0,(anonymous_125)
FNDA:0,(anonymous_126)
FNDA:0,initializeRetryActions
FNDA:0,initializeCancelActions
FNDA:0,initializeLocalTimezones
FNDA:0,(anonymous_130)
DA:6,1
DA:8,0
DA:9,0
DA:13,0
DA:16,0
DA:19,0
DA:22,0
DA:25,0
DA:28,0
DA:31,0
DA:34,0
DA:35,0
DA:38,0
DA:41,0
DA:44,0
DA:47,0
DA:50,0
DA:53,0
DA:56,0
DA:59,0
DA:66,0
DA:67,0
DA:69,0
DA:70,0
DA:71,0
DA:72,0
DA:73,0
DA:74,0
DA:75,0
DA:77,0
DA:78,0
DA:80,0
DA:81,0
DA:82,0
DA:83,0
DA:84,0
DA:85,0
DA:89,0
DA:90,0
DA:91,0
DA:92,0
DA:94,0
DA:95,0
DA:96,0
DA:97,0
DA:98,0
DA:99,0
DA:102,0
DA:103,0
DA:106,1
DA:112,0
DA:113,0
DA:114,0
DA:115,0
DA:116,0
DA:117,0
DA:118,0
DA:119,0
DA:120,0
DA:121,0
DA:122,0
DA:123,0
DA:124,0
DA:125,0
DA:126,0
DA:128,0
DA:129,0
DA:130,0
DA:132,0
DA:134,0
DA:138,0
DA:139,0
DA:140,0
DA:141,0
DA:143,0
DA:144,0
DA:145,0
DA:146,0
DA:147,0
DA:148,0
DA:155,0
DA:156,0
DA:157,0
DA:159,0
DA:160,0
DA:161,0
DA:162,0
DA:170,0
DA:175,0
DA:182,0
DA:183,0
DA:185,0
DA:186,0
DA:187,0
DA:191,0
DA:192,0
DA:193,0
DA:194,0
DA:200,0
DA:201,0
DA:202,0
DA:203,0
DA:204,0
DA:205,0
DA:206,0
DA:217,0
DA:218,0
DA:221,0
DA:222,0
DA:223,0
DA:224,0
DA:225,0
DA:226,0
DA:227,0
DA:228,0
DA:229,0
DA:230,0
DA:231,0
DA:232,0
DA:233,0
DA:234,0
DA:235,0
DA:236,0
DA:237,0
DA:238,0
DA:239,0
DA:240,0
DA:242,0
DA:243,0
DA:244,0
DA:245,0
DA:248,0
DA:249,0
DA:251,0
DA:252,0
DA:256,0
DA:257,0
DA:258,0
DA:259,0
DA:260,0
DA:261,0
DA:264,0
DA:265,0
DA:266,0
DA:267,0
DA:272,0
DA:273,0
DA:274,0
DA:275,0
DA:276,0
DA:279,0
DA:280,0
DA:281,0
DA:282,0
DA:287,0
DA:288,0
DA:289,0
DA:290,0
DA:293,0
DA:295,0
DA:296,0
DA:297,0
DA:301,0
DA:302,0
DA:303,0
DA:304,0
DA:309,0
DA:310,0
DA:311,0
DA:321,0
DA:325,0
DA:326,0
DA:327,0
DA:328,0
DA:329,0
DA:331,0
DA:332,0
DA:333,0
DA:334,0
DA:336,0
DA:337,0
DA:338,0
DA:339,0
DA:340,0
DA:341,0
DA:342,0
DA:343,0
DA:344,0
DA:346,0
DA:347,0
DA:348,0
DA:349,0
DA:350,0
DA:351,0
DA:352,0
DA:353,0
DA:362,0
DA:363,0
DA:364,0
DA:365,0
DA:366,0
DA:367,0
DA:368,0
DA:375,0
DA:376,0
DA:377,0
DA:379,0
DA:382,0
DA:383,0
DA:384,0
DA:386,0
DA:390,0
DA:391,0
DA:392,0
DA:393,0
DA:394,0
DA:404,0
DA:405,0
DA:407,0
DA:408,0
DA:409,0
DA:410,0
DA:411,0
DA:412,0
DA:413,0
DA:414,0
DA:415,0
DA:416,0
DA:417,0
DA:418,0
DA:419,0
DA:420,0
DA:421,0
DA:422,0
DA:423,0
DA:426,0
DA:427,0
DA:429,0
DA:430,0
DA:431,0
DA:439,0
DA:443,0
DA:444,0
DA:445,0
DA:446,0
DA:450,0
DA:451,0
DA:452,0
DA:453,0
DA:454,0
DA:455,0
DA:456,0
DA:457,0
DA:467,3
DA:468,3
DA:469,3
DA:470,3
DA:471,3
DA:473,3
DA:474,3
DA:475,3
DA:476,3
DA:477,3
DA:479,3
DA:480,3
DA:487,3
DA:488,3
DA:489,3
DA:490,0
DA:493,3
DA:494,0
DA:497,3
DA:498,3
DA:499,0
DA:500,0
DA:504,1
DA:507,0
DA:508,0
DA:509,0
DA:510,0
DA:511,0
DA:512,0
DA:515,0
DA:516,0
DA:517,0
DA:523,0
DA:524,0
DA:525,0
DA:533,0
DA:534,0
DA:535,0
DA:537,0
DA:538,0
DA:539,0
DA:540,0
DA:542,0
DA:543,0
DA:544,0
DA:548,0
DA:549,0
DA:550,0
DA:554,0
DA:556,0
DA:557,0
DA:561,0
DA:562,0
DA:564,0
DA:567,0
DA:568,0
DA:574,0
DA:575,0
DA:576,0
DA:577,0
DA:578,0
DA:579,0
DA:580,0
DA:581,0
DA:582,0
DA:584,0
DA:585,0
DA:590,0
DA:591,0
DA:594,0
DA:595,0
DA:596,0
DA:597,0
DA:598,0
DA:603,0
DA:604,0
DA:605,0
DA:606,0
DA:613,0
DA:614,0
DA:615,0
DA:616,0
DA:623,0
DA:624,0
DA:625,0
DA:627,0
DA:630,0
DA:631,0
DA:632,0
DA:634,0
DA:635,0
DA:636,0
DA:637,0
DA:638,0
DA:640,0
DA:641,0
DA:642,0
DA:644,0
DA:647,0
DA:648,0
DA:649,0
DA:652,0
DA:653,0
DA:656,0
DA:657,0
DA:662,0
DA:663,0
DA:664,0
DA:666,0
DA:669,0
DA:673,0
DA:674,0
DA:675,0
DA:679,0
DA:680,0
DA:681,0
DA:682,0
DA:686,0
DA:687,0
DA:688,0
DA:689,0
DA:693,0
DA:694,0
DA:695,0
DA:696,0
DA:697,0
DA:698,0
DA:707,0
DA:708,0
DA:709,0
DA:710,0
DA:711,0
DA:712,0
DA:714,0
DA:715,0
DA:716,0
DA:720,0
DA:721,0
DA:724,0
DA:725,0
DA:729,0
DA:730,0
DA:731,0
DA:732,0
DA:733,0
DA:734,0
DA:735,0
DA:736,0
DA:738,0
DA:744,0
DA:746,0
DA:747,0
DA:748,0
DA:749,0
DA:750,0
DA:751,0
DA:753,0
DA:754,0
DA:755,0
DA:756,0
DA:757,0
DA:758,0
DA:760,0
DA:761,0
DA:762,0
DA:767,0
DA:768,0
DA:769,0
DA:770,0
DA:771,0
DA:772,0
DA:774,0
DA:775,0
DA:776,0
DA:777,0
DA:778,0
DA:779,0
DA:781,0
DA:782,0
DA:783,0
DA:789,0
DA:790,0
DA:791,0
DA:792,0
DA:793,0
DA:794,0
DA:795,0
DA:796,0
DA:797,0
DA:802,0
DA:803,0
DA:804,0
DA:805,0
DA:806,0
DA:813,0
DA:814,0
DA:815,0
DA:816,0
DA:818,0
DA:819,0
DA:820,0
DA:821,0
DA:823,0
DA:829,0
DA:830,0
DA:831,0
DA:832,0
DA:834,0
DA:836,0
DA:838,0
DA:845,0
DA:846,0
DA:848,0
DA:851,0
DA:852,0
DA:853,0
DA:854,0
DA:855,0
DA:856,0
DA:858,0
DA:859,0
DA:863,0
DA:864,0
DA:865,0
DA:866,0
DA:867,0
DA:869,0
DA:870,0
DA:874,0
DA:875,0
DA:876,0
DA:879,0
DA:880,0
DA:881,0
DA:882,0
DA:883,0
DA:887,0
DA:888,0
DA:889,0
DA:890,0
DA:891,0
DA:892,0
DA:893,0
DA:895,0
DA:901,0
DA:905,0
DA:906,0
DA:907,0
DA:909,0
DA:911,0
DA:912,0
DA:913,0
DA:916,0
DA:917,0
DA:918,0
DA:919,0
DA:920,0
DA:921,0
DA:925,0
DA:926,0
DA:927,0
DA:928,0
DA:929,0
DA:930,0
DA:937,0
DA:939,0
DA:940,0
DA:941,0
DA:942,0
DA:943,0
DA:944,0
DA:945,0
DA:946,0
DA:951,0
DA:952,0
DA:953,0
DA:955,0
DA:956,0
DA:964,0
DA:965,0
DA:966,0
DA:967,0
DA:968,0
DA:969,0
DA:970,0
DA:971,0
DA:973,0
DA:974,0
DA:975,0
DA:976,0
DA:980,0
DA:981,0
DA:982,0
DA:983,0
DA:984,0
DA:989,0
DA:990,0
DA:991,0
DA:992,0
DA:993,0
DA:994,0
DA:996,0
DA:999,0
DA:1000,0
DA:1001,0
DA:1003,0
DA:1004,0
DA:1005,0
DA:1006,0
DA:1007,0
DA:1010,0
DA:1011,0
DA:1013,0
DA:1014,0
DA:1016,0
DA:1017,0
DA:1018,0
DA:1021,0
DA:1022,0
DA:1024,0
DA:1025,0
DA:1026,0
DA:1027,0
DA:1028,0
DA:1029,0
DA:1030,0
DA:1031,0
DA:1032,0
DA:1033,0
DA:1034,0
DA:1035,0
DA:1036,0
DA:1037,0
DA:1038,0
DA:1039,0
DA:1042,0
DA:1043,0
DA:1044,0
DA:1048,0
DA:1049,0
DA:1050,0
DA:1051,0
DA:1059,1
DA:1062,0
DA:1063,0
DA:1065,0
DA:1066,0
DA:1067,0
DA:1069,0
DA:1070,0
DA:1088,0
DA:1102,12
DA:1103,4
DA:1105,8
DA:1106,5
DA:1108,3
DA:1118,0
DA:1119,0
DA:1121,0
DA:1122,0
DA:1124,0
DA:1126,0
DA:1127,0
DA:1128,0
DA:1132,0
DA:1136,0
DA:1137,0
DA:1139,0
DA:1140,0
DA:1141,0
DA:1145,0
DA:1146,0
DA:1148,0
DA:1149,0
DA:1151,0
DA:1152,0
DA:1153,0
DA:1154,0
DA:1157,0
DA:1158,0
DA:1168,0
DA:1169,0
DA:1171,0
DA:1172,0
DA:1173,0
DA:1174,0
DA:1177,0
DA:1178,0
DA:1181,0
DA:1187,0
DA:1188,0
DA:1192,0
DA:1195,0
DA:1197,0
DA:1198,0
DA:1199,0
DA:1200,0
DA:1202,0
DA:1203,0
DA:1204,0
DA:1205,0
DA:1208,0
DA:1209,0
DA:1214,0
DA:1222,0
DA:1223,0
DA:1224,0
DA:1225,0
DA:1226,0
DA:1227,0
DA:1228,0
DA:1231,0
DA:1232,0
DA:1233,0
DA:1238,0
DA:1240,0
DA:1241,0
DA:1243,0
DA:1244,0
DA:1245,0
DA:1246,0
DA:1249,0
DA:1250,0
DA:1252,0
DA:1253,0
DA:1254,0
DA:1257,0
DA:1259,0
DA:1260,0
DA:1261,0
DA:1262,0
DA:1263,0
DA:1269,0
DA:1270,0
DA:1272,0
DA:1273,0
DA:1275,0
DA:1276,0
DA:1277,0
DA:1281,0
DA:1282,0
DA:1283,0
DA:1285,0
DA:1286,0
DA:1287,0
DA:1289,0
DA:1290,0
DA:1291,0
DA:1293,0
DA:1294,0
DA:1295,0
DA:1298,0
DA:1299,0
DA:1300,0
DA:1303,0
DA:1304,0
DA:1305,0
DA:1306,0
DA:1307,0
DA:1308,0
DA:1309,0
DA:1316,0
DA:1317,0
DA:1319,0
DA:1320,0
DA:1321,0
DA:1322,0
DA:1323,0
DA:1324,0
DA:1327,0
DA:1328,0
DA:1329,0
DA:1330,0
DA:1331,0
DA:1332,0
DA:1337,0
DA:1338,0
DA:1340,0
DA:1341,0
DA:1343,0
DA:1344,0
DA:1345,0
DA:1347,0
DA:1349,0
DA:1353,0
DA:1354,0
DA:1356,0
DA:1358,0
DA:1360,0
DA:1364,0
DA:1365,0
DA:1366,0
DA:1368,0
DA:1369,0
DA:1374,0
DA:1375,0
DA:1377,0
DA:1378,0
DA:1379,0
DA:1380,0
DA:1381,0
DA:1382,0
DA:1383,0
DA:1386,0
DA:1387,0
DA:1388,0
DA:1389,0
DA:1390,0
DA:1393,0
DA:1394,0
DA:1399,6
DA:1400,2
DA:1402,4
DA:1403,1
DA:1405,3
DA:1406,1
DA:1409,2
DA:1417,0
DA:1418,0
DA:1419,0
DA:1421,0
DA:1422,0
DA:1423,0
DA:1425,0
DA:1426,0
DA:1429,0
DA:1430,0
DA:1431,0
DA:1433,0
DA:1435,0
DA:1436,0
DA:1438,0
DA:1447,0
DA:1448,0
DA:1450,0
DA:1453,0
DA:1454,0
DA:1456,0
DA:1457,0
DA:1458,0
DA:1460,0
DA:1464,0
DA:1465,0
DA:1466,0
DA:1467,0
DA:1469,0
DA:1478,0
DA:1490,0
DA:1504,0
DA:1505,0
DA:1506,0
DA:1507,0
DA:1509,0
DA:1510,0
DA:1511,0
DA:1513,0
DA:1524,0
DA:1525,0
DA:1527,0
DA:1532,1
DA:1533,1
LF:814
LH:36
BRDA:8,0,0,0
BRDA:8,0,1,0
BRDA:67,1,0,0
BRDA:67,1,1,0
BRDA:82,2,0,0
BRDA:82,2,1,0
BRDA:83,3,0,0
BRDA:83,3,1,0
BRDA:84,4,0,0
BRDA:84,4,1,0
BRDA:84,5,0,0
BRDA:84,5,1,0
BRDA:85,6,0,0
BRDA:85,6,1,0
BRDA:85,7,0,0
BRDA:85,7,1,0
BRDA:95,8,0,0
BRDA:95,8,1,0
BRDA:95,9,0,0
BRDA:95,9,1,0
BRDA:96,10,0,0
BRDA:96,10,1,0
BRDA:96,11,0,0
BRDA:96,11,1,0
BRDA:96,11,2,0
BRDA:96,11,3,0
BRDA:102,12,0,0
BRDA:102,12,1,0
BRDA:129,13,0,0
BRDA:129,13,1,0
BRDA:138,14,0,0
BRDA:138,14,1,0
BRDA:138,15,0,0
BRDA:138,15,1,0
BRDA:145,16,0,0
BRDA:145,16,1,0
BRDA:146,17,0,0
BRDA:146,17,1,0
BRDA:147,18,0,0
BRDA:147,18,1,0
BRDA:149,19,0,0
BRDA:149,19,1,0
BRDA:150,20,0,0
BRDA:150,20,1,0
BRDA:157,21,0,0
BRDA:157,21,1,0
BRDA:157,22,0,0
BRDA:157,22,1,0
BRDA:202,23,0,0
BRDA:202,23,1,0
BRDA:205,24,0,0
BRDA:205,24,1,0
BRDA:218,25,0,0
BRDA:218,25,1,0
BRDA:244,26,0,0
BRDA:244,26,1,0
BRDA:257,27,0,0
BRDA:257,27,1,0
BRDA:259,28,0,0
BRDA:259,28,1,0
BRDA:265,29,0,0
BRDA:265,29,1,0
BRDA:265,30,0,0
BRDA:265,30,1,0
BRDA:274,31,0,0
BRDA:274,31,1,0
BRDA:281,32,0,0
BRDA:281,32,1,0
BRDA:295,33,0,0
BRDA:295,33,1,0
BRDA:296,34,0,0
BRDA:296,34,1,0
BRDA:296,35,0,0
BRDA:296,35,1,0
BRDA:296,35,2,0
BRDA:296,35,3,0
BRDA:301,36,0,0
BRDA:301,36,1,0
BRDA:301,37,0,0
BRDA:301,37,1,0
BRDA:301,37,2,0
BRDA:301,37,3,0
BRDA:310,38,0,0
BRDA:310,38,1,0
BRDA:326,39,0,0
BRDA:326,39,1,0
BRDA:328,40,0,0
BRDA:328,40,1,0
BRDA:333,41,0,0
BRDA:333,41,1,0
BRDA:348,42,0,0
BRDA:348,42,1,0
BRDA:350,43,0,0
BRDA:350,43,1,0
BRDA:353,44,0,0
BRDA:353,44,1,0
BRDA:376,45,0,0
BRDA:376,45,1,0
BRDA:383,46,0,0
BRDA:383,46,1,0
BRDA:405,47,0,0
BRDA:405,47,1,0
BRDA:408,48,0,0
BRDA:408,48,1,0
BRDA:410,49,0,0
BRDA:410,49,1,0
BRDA:412,50,0,0
BRDA:412,50,1,0
BRDA:414,51,0,0
BRDA:414,51,1,0
BRDA:416,52,0,0
BRDA:416,52,1,0
BRDA:418,53,0,0
BRDA:418,53,1,0
BRDA:420,54,0,0
BRDA:420,54,1,0
BRDA:422,55,0,0
BRDA:422,55,1,0
BRDA:422,56,0,0
BRDA:422,56,1,0
BRDA:445,57,0,0
BRDA:445,57,1,0
BRDA:451,58,0,0
BRDA:451,58,1,0
BRDA:454,59,0,0
BRDA:454,59,1,0
BRDA:466,60,0,3
BRDA:468,61,0,3
BRDA:468,61,1,0
BRDA:479,62,0,0
BRDA:479,62,1,3
BRDA:489,63,0,0
BRDA:489,63,1,3
BRDA:489,64,0,3
BRDA:489,64,1,0
BRDA:507,65,0,0
BRDA:507,65,1,0
BRDA:507,66,0,0
BRDA:507,66,1,0
BRDA:510,67,0,0
BRDA:510,67,1,0
BRDA:516,68,0,0
BRDA:516,68,1,0
BRDA:524,69,0,0
BRDA:524,69,1,0
BRDA:524,70,0,0
BRDA:524,70,1,0
BRDA:542,71,0,0
BRDA:542,71,1,0
BRDA:542,72,0,0
BRDA:542,72,1,0
BRDA:548,73,0,0
BRDA:548,73,1,0
BRDA:548,74,0,0
BRDA:548,74,1,0
BRDA:554,75,0,0
BRDA:554,75,1,0
BRDA:564,76,0,0
BRDA:564,76,1,0
BRDA:564,76,2,0
BRDA:564,76,3,0
BRDA:567,77,0,0
BRDA:567,77,1,0
BRDA:574,78,0,0
BRDA:574,78,1,0
BRDA:578,79,0,0
BRDA:578,79,1,0
BRDA:579,80,0,0
BRDA:579,80,1,0
BRDA:580,81,0,0
BRDA:580,81,1,0
BRDA:584,82,0,0
BRDA:584,82,1,0
BRDA:590,83,0,0
BRDA:590,83,1,0
BRDA:594,84,0,0
BRDA:594,84,1,0
BRDA:596,85,0,0
BRDA:596,85,1,0
BRDA:603,86,0,0
BRDA:603,86,1,0
BRDA:605,87,0,0
BRDA:605,87,1,0
BRDA:615,88,0,0
BRDA:615,88,1,0
BRDA:616,89,0,0
BRDA:616,89,1,0
BRDA:627,90,0,0
BRDA:627,90,1,0
BRDA:627,91,0,0
BRDA:627,91,1,0
BRDA:627,91,2,0
BRDA:636,92,0,0
BRDA:636,92,1,0
BRDA:640,93,0,0
BRDA:640,93,1,0
BRDA:647,94,0,0
BRDA:647,94,1,0
BRDA:659,95,0,0
BRDA:659,95,1,0
BRDA:674,96,0,0
BRDA:674,96,1,0
BRDA:696,97,0,0
BRDA:696,97,1,0
BRDA:714,98,0,0
BRDA:714,98,1,0
BRDA:720,99,0,0
BRDA:720,99,1,0
BRDA:724,100,0,0
BRDA:724,100,1,0
BRDA:730,101,0,0
BRDA:730,101,1,0
BRDA:733,102,0,0
BRDA:733,102,1,0
BRDA:734,103,0,0
BRDA:734,103,1,0
BRDA:736,104,0,0
BRDA:736,104,1,0
BRDA:746,105,0,0
BRDA:746,105,1,0
BRDA:746,106,0,0
BRDA:746,106,1,0
BRDA:748,107,0,0
BRDA:748,107,1,0
BRDA:754,108,0,0
BRDA:754,108,1,0
BRDA:767,109,0,0
BRDA:767,109,1,0
BRDA:767,110,0,0
BRDA:767,110,1,0
BRDA:769,111,0,0
BRDA:769,111,1,0
BRDA:775,112,0,0
BRDA:775,112,1,0
BRDA:791,113,0,0
BRDA:791,113,1,0
BRDA:793,114,0,0
BRDA:793,114,1,0
BRDA:793,115,0,0
BRDA:793,115,1,0
BRDA:795,116,0,0
BRDA:795,116,1,0
BRDA:803,117,0,0
BRDA:803,117,1,0
BRDA:805,118,0,0
BRDA:805,118,1,0
BRDA:818,119,0,0
BRDA:818,119,1,0
BRDA:819,120,0,0
BRDA:819,120,1,0
BRDA:820,121,0,0
BRDA:820,121,1,0
BRDA:832,122,0,0
BRDA:832,122,1,0
BRDA:832,123,0,0
BRDA:832,123,1,0
BRDA:846,124,0,0
BRDA:846,124,1,0
BRDA:858,125,0,0
BRDA:858,125,1,0
BRDA:863,126,0,0
BRDA:863,126,1,0
BRDA:865,127,0,0
BRDA:865,127,1,0
BRDA:888,128,0,0
BRDA:888,128,1,0
BRDA:889,129,0,0
BRDA:889,129,1,0
BRDA:905,130,0,0
BRDA:905,130,1,0
BRDA:907,131,0,0
BRDA:907,131,1,0
BRDA:913,132,0,0
BRDA:913,132,1,0
BRDA:916,133,0,0
BRDA:916,133,1,0
BRDA:917,134,0,0
BRDA:917,134,1,0
BRDA:920,135,0,0
BRDA:920,135,1,0
BRDA:921,136,0,0
BRDA:921,136,1,0
BRDA:926,137,0,0
BRDA:926,137,1,0
BRDA:926,138,0,0
BRDA:926,138,1,0
BRDA:927,139,0,0
BRDA:927,139,1,0
BRDA:940,140,0,0
BRDA:940,140,1,0
BRDA:943,141,0,0
BRDA:943,141,1,0
BRDA:952,142,0,0
BRDA:952,142,1,0
BRDA:955,143,0,0
BRDA:955,143,1,0
BRDA:973,144,0,0
BRDA:973,144,1,0
BRDA:980,145,0,0
BRDA:980,145,1,0
BRDA:984,146,0,0
BRDA:984,146,1,0
BRDA:989,147,0,0
BRDA:989,147,1,0
BRDA:989,148,0,0
BRDA:989,148,1,0
BRDA:989,148,2,0
BRDA:989,148,3,0
BRDA:989,148,4,0
BRDA:989,148,5,0
BRDA:991,149,0,0
BRDA:991,149,1,0
BRDA:993,150,0,0
BRDA:993,150,1,0
BRDA:1006,151,0,0
BRDA:1006,151,1,0
BRDA:1016,152,0,0
BRDA:1016,152,1,0
BRDA:1025,153,0,0
BRDA:1025,153,1,0
BRDA:1025,154,0,0
BRDA:1025,154,1,0
BRDA:1034,155,0,0
BRDA:1034,155,1,0
BRDA:1037,156,0,0
BRDA:1037,156,1,0
BRDA:1063,157,0,0
BRDA:1063,157,1,0
BRDA:1066,158,0,0
BRDA:1066,158,1,0
BRDA:1067,159,0,0
BRDA:1067,159,1,0
BRDA:1069,160,0,0
BRDA:1069,160,1,0
BRDA:1075,161,0,0
BRDA:1075,161,1,0
BRDA:1075,162,0,0
BRDA:1075,162,1,0
BRDA:1102,163,0,4
BRDA:1102,163,1,8
BRDA:1105,164,0,5
BRDA:1105,164,1,3
BRDA:1122,165,0,0
BRDA:1122,165,1,0
BRDA:1126,166,0,0
BRDA:1126,166,1,0
BRDA:1127,167,0,0
BRDA:1127,167,1,0
BRDA:1127,168,0,0
BRDA:1127,168,1,0
BRDA:1132,169,0,0
BRDA:1132,169,1,0
BRDA:1139,170,0,0
BRDA:1139,170,1,0
BRDA:1145,171,0,0
BRDA:1145,171,1,0
BRDA:1171,172,0,0
BRDA:1171,172,1,0
BRDA:1171,173,0,0
BRDA:1171,173,1,0
BRDA:1171,173,2,0
BRDA:1197,174,0,0
BRDA:1197,174,1,0
BRDA:1223,175,0,0
BRDA:1223,175,1,0
BRDA:1225,176,0,0
BRDA:1225,176,1,0
BRDA:1227,177,0,0
BRDA:1227,177,1,0
BRDA:1231,178,0,0
BRDA:1231,178,1,0
BRDA:1231,179,0,0
BRDA:1231,179,1,0
BRDA:1238,180,0,0
BRDA:1238,180,1,0
BRDA:1241,181,0,0
BRDA:1241,181,1,0
BRDA:1244,182,0,0
BRDA:1244,182,1,0
BRDA:1246,183,0,0
BRDA:1246,183,1,0
BRDA:1250,184,0,0
BRDA:1250,184,1,0
BRDA:1253,185,0,0
BRDA:1253,185,1,0
BRDA:1260,186,0,0
BRDA:1260,186,1,0
BRDA:1261,187,0,0
BRDA:1261,187,1,0
BRDA:1262,188,0,0
BRDA:1262,188,1,0
BRDA:1262,189,0,0
BRDA:1262,189,1,0
BRDA:1270,190,0,0
BRDA:1270,190,1,0
BRDA:1273,191,0,0
BRDA:1273,191,1,0
BRDA:1275,192,0,0
BRDA:1275,192,1,0
BRDA:1277,193,0,0
BRDA:1277,193,1,0
BRDA:1281,194,0,0
BRDA:1281,194,1,0
BRDA:1283,195,0,0
BRDA:1283,195,1,0
BRDA:1287,196,0,0
BRDA:1287,196,1,0
BRDA:1293,197,0,0
BRDA:1293,197,1,0
BRDA:1293,198,0,0
BRDA:1293,198,1,0
BRDA:1293,198,2,0
BRDA:1293,198,3,0
BRDA:1299,199,0,0
BRDA:1299,199,1,0
BRDA:1304,200,0,0
BRDA:1304,200,1,0
BRDA:1306,201,0,0
BRDA:1306,201,1,0
BRDA:1308,202,0,0
BRDA:1308,202,1,0
BRDA:1308,203,0,0
BRDA:1308,203,1,0
BRDA:1308,203,2,0
BRDA:1317,204,0,0
BRDA:1317,204,1,0
BRDA:1320,205,0,0
BRDA:1320,205,1,0
BRDA:1321,206,0,0
BRDA:1321,206,1,0
BRDA:1322,207,0,0
BRDA:1322,207,1,0
BRDA:1323,208,0,0
BRDA:1323,208,1,0
BRDA:1328,209,0,0
BRDA:1328,209,1,0
BRDA:1329,210,0,0
BRDA:1329,210,1,0
BRDA:1330,211,0,0
BRDA:1330,211,1,0
BRDA:1331,212,0,0
BRDA:1331,212,1,0
BRDA:1338,213,0,0
BRDA:1338,213,1,0
BRDA:1341,214,0,0
BRDA:1341,214,1,0
BRDA:1344,215,0,0
BRDA:1344,215,1,0
BRDA:1345,216,0,0
BRDA:1345,216,1,0
BRDA:1354,217,0,0
BRDA:1354,217,1,0
BRDA:1366,218,0,0
BRDA:1366,218,1,0
BRDA:1368,219,0,0
BRDA:1368,219,1,0
BRDA:1368,220,0,0
BRDA:1368,220,1,0
BRDA:1368,220,2,0
BRDA:1377,221,0,0
BRDA:1377,221,1,0
BRDA:1379,222,0,0
BRDA:1379,222,1,0
BRDA:1380,223,0,0
BRDA:1380,223,1,0
BRDA:1383,224,0,0
BRDA:1383,224,1,0
BRDA:1388,225,0,0
BRDA:1388,225,1,0
BRDA:1389,226,0,0
BRDA:1389,226,1,0
BRDA:1390,227,0,0
BRDA:1390,227,1,0
BRDA:1393,228,0,0
BRDA:1393,228,1,0
BRDA:1399,229,0,2
BRDA:1399,229,1,4
BRDA:1402,230,0,1
BRDA:1402,230,1,3
BRDA:1405,231,0,1
BRDA:1405,231,1,2
BRDA:1419,232,0,0
BRDA:1419,232,1,0
BRDA:1423,233,0,0
BRDA:1423,233,1,0
BRDA:1425,234,0,0
BRDA:1425,234,1,0
BRDA:1425,235,0,0
BRDA:1425,235,1,0
BRDA:1429,236,0,0
BRDA:1429,236,1,0
BRDA:1430,237,0,0
BRDA:1430,237,1,0
BRDA:1436,238,0,0
BRDA:1436,238,1,0
BRDA:1447,239,0,0
BRDA:1447,239,1,0
BRDA:1453,240,0,0
BRDA:1453,240,1,0
BRDA:1456,241,0,0
BRDA:1456,241,1,0
BRDA:1457,242,0,0
BRDA:1457,242,1,0
BRDA:1466,243,0,0
BRDA:1466,243,1,0
BRDA:1506,244,0,0
BRDA:1506,244,1,0
BRDA:1507,245,0,0
BRDA:1507,245,1,0
BRDA:1511,246,0,0
BRDA:1511,246,1,0
BRDA:1532,247,0,1
BRDA:1532,247,1,0
BRDA:1532,248,0,1
BRDA:1532,248,1,1
BRF:515
BRH:18
end_of_record
